=====================================================================
== C:\Users\Administrator\Desktop\Steam\steamapps\common\Arma 3 Server\arma3server.exe
== "arma3server.exe"  -mod=@life_server;@extDB;@Addons2 -noPause -noSound -profiles=config -config=config\server.cfg -cfg=config\basic.cfg     -enableHT -port=2302 -maxMem=8024 -cpuCount=8  -exThreads= 7 -autoInit 

Original output filename: Arma3Retail_Server
Exe timestamp: 2015/06/08 15:48:19
Current time:  2015/06/24 19:11:05

Type: Public
Branch: Stable
Version: 1.46.131127

Allocator: C:\Users\Administrator\Desktop\Steam\steamapps\common\Arma 3 Server\dll\tbb4malloc_bi.dll
=====================================================================

19:11:05 ManagerConfig()
19:11:06 Cannot register unknown string STR_USRACT_SWITCH_GUNS
19:11:06 Cannot register unknown string STR_USRACT_SWITCH_ROCKETS
19:11:06 Cannot register unknown string STR_USRACT_SWITCH_MISSILES
19:11:06 Cannot register unknown string STR_USRACT_SWITCH_BOMBS
19:11:06 Cannot register unknown string STR_CONTROLS_TOOLTIPS_SWITCH_GUNS
19:11:06 Cannot register unknown string STR_CONTROLS_TOOLTIPS_SWITCH_ROCKETS
19:11:06 Cannot register unknown string STR_CONTROLS_TOOLTIPS_SWITCH_MISSILES
19:11:06 Cannot register unknown string STR_CONTROLS_TOOLTIPS_SWITCH_BOMBS
19:11:29 Conflicting addon asdg_jointmuzzles in 'asdg_jointrails\', previous definition in 'asdg_jointmuzzles\'
19:11:30 File demian2435_police\config.cpp, line 361: '/cfgVehicles/demian2435_police_car/EventHandlers.init': Missing ';' prior '}'
19:11:30 File demian2435_police\config.cpp, line 438: '/cfgVehicles/demian2435_swat_offroad/EventHandlers.init': Missing ';' prior '}'
19:11:30 File demian2435_police\config.cpp, line 512: '/cfgVehicles/demian2435_police_offroad/EventHandlers.init': Missing ';' prior '}'
19:11:30 File demian2435_police\config.cpp, line 588: '/cfgVehicles/demian2435_swat_hunter/EventHandlers.init': Missing ';' prior '}'
19:11:30 File demian2435_police\config.cpp, line 632: '/cfgVehicles/demian2435_police_helicopter/EventHandlers.init': Missing ';' prior '}'
19:11:31 Updating base class ->Base, by a3\dubbing_radio_f\config.bin/CfgHQIdentities/PAPA_BEAR/
19:11:31 Updating base class ->Base, by a3\dubbing_radio_f\config.bin/CfgHQIdentities/AirBase/
19:11:31 Updating base class ->NonStrategic, by a3\data_f\config.bin/CfgVehicles/HouseBase/
19:11:31 Updating base class ->HouseBase, by a3\data_f\config.bin/CfgVehicles/Ruins/
19:11:31 Updating base class ->NonStrategic, by a3\data_f\config.bin/CfgVehicles/Fence/
19:11:31 Updating base class RscShortcutButton->RscButton, by a3\editor_f\config.bin/RscDisplayEditObject/Controls/B_OK/
19:11:31 Updating base class RscSliderH->RscXSliderH, by a3\editor_f\config.bin/RscDisplayEditObject/Slider/
19:11:31 Updating base class RscText->RscPicture, by a3\editor_f\config.bin/RscDisplayEditObject/Preview/
19:11:31 Updating base class RscShortcutButton->RscButton, by a3\editor_f\config.bin/RscDisplayMissionLoad/Controls/B_OK/
19:11:31 Updating base class RscShortcutButton->RscButton, by a3\editor_f\config.bin/RscDisplayMissionSave/Controls/B_OK/
19:11:31 Updating base class ->Default, by a3\anims_f\config\sdr\config.bin/CfgMovesBasic/DefaultDie/
19:11:31 Updating base class ->Default, by a3\anims_f\config\sdr\config.bin/CfgMovesMaleSdr/States/Crew/
19:11:32 Updating base class ->RscControlsGroup, by a3\ui_f\config.bin/RscControlsGroupNoScrollbars/
19:11:32 Updating base class ->RscControlsGroup, by a3\ui_f\config.bin/RscControlsGroupNoHScrollbars/
19:11:32 Updating base class ->RscControlsGroup, by a3\ui_f\config.bin/RscControlsGroupNoVScrollbars/
19:11:32 Updating base class ->RscText, by a3\ui_f\config.bin/RscLine/
19:11:32 Updating base class ->RscActiveText, by a3\ui_f\config.bin/RscActivePicture/
19:11:32 Updating base class ->RscButton, by a3\ui_f\config.bin/RscButtonTextOnly/
19:11:32 Updating base class ->RscShortcutButton, by a3\ui_f\config.bin/RscShortcutButtonMain/
19:11:32 Updating base class ->RscShortcutButton, by a3\ui_f\config.bin/RscButtonEditor/
19:11:32 Updating base class ->RscShortcutButton, by a3\ui_f\config.bin/RscIGUIShortcutButton/
19:11:32 Updating base class ->RscShortcutButton, by a3\ui_f\config.bin/RscGearShortcutButton/
19:11:32 Updating base class ->RscShortcutButton, by a3\ui_f\config.bin/RscButtonMenu/
19:11:32 Updating base class ->RscButtonMenu, by a3\ui_f\config.bin/RscButtonMenuOK/
19:11:32 Updating base class ->RscButtonMenu, by a3\ui_f\config.bin/RscButtonMenuCancel/
19:11:32 Updating base class ->RscButtonMenu, by a3\ui_f\config.bin/RscButtonMenuSteam/
19:11:32 Updating base class ->RscText, by a3\ui_f\config.bin/RscLoadingText/
19:11:32 Updating base class ->RscListBox, by a3\ui_f\config.bin/RscIGUIListBox/
19:11:32 Updating base class ->RscListNBox, by a3\ui_f\config.bin/RscIGUIListNBox/
19:11:32 Updating base class ->RscText, by a3\ui_f\config.bin/RscBackground/
19:11:32 Updating base class ->RscText, by a3\ui_f\config.bin/RscBackgroundGUI/
19:11:32 Updating base class ->RscPicture, by a3\ui_f\config.bin/RscBackgroundGUILeft/
19:11:32 Updating base class ->RscPicture, by a3\ui_f\config.bin/RscBackgroundGUIRight/
19:11:32 Updating base class ->RscPicture, by a3\ui_f\config.bin/RscBackgroundGUIBottom/
19:11:32 Updating base class ->RscText, by a3\ui_f\config.bin/RscBackgroundGUITop/
19:11:32 Updating base class ->RscText, by a3\ui_f\config.bin/RscBackgroundGUIDark/
19:11:32 Updating base class ->RscPictureKeepAspect, by a3\ui_f\config.bin/RscBackgroundLogo/
19:11:32 Updating base class ->RscMapControl, by a3\ui_f\config.bin/RscMapControlEmpty/
19:11:32 Updating base class ->RscPicture, by a3\ui_f\config.bin/CA_Mainback/
19:11:32 Updating base class ->CA_Mainback, by a3\ui_f\config.bin/CA_Back/
19:11:32 Updating base class ->CA_Mainback, by a3\ui_f\config.bin/CA_Title_Back/
19:11:32 Updating base class ->CA_Mainback, by a3\ui_f\config.bin/CA_Black_Back/
19:11:32 Updating base class ->RscTitle, by a3\ui_f\config.bin/CA_Title/
19:11:32 Updating base class ->RscPictureKeepAspect, by a3\ui_f\config.bin/CA_Logo/
19:11:32 Updating base class ->CA_Logo, by a3\ui_f\config.bin/CA_Logo_Small/
19:11:32 Updating base class ->RscButton, by a3\ui_f\config.bin/CA_RscButton/
19:11:32 Updating base class ->CA_RscButton, by a3\ui_f\config.bin/CA_RscButton_dialog/
19:11:32 Updating base class ->RscActiveText, by a3\ui_f\config.bin/CA_Ok/
19:11:32 Updating base class ->RscText, by a3\ui_f\config.bin/CA_Ok_image/
19:11:32 Updating base class ->RscText, by a3\ui_f\config.bin/CA_Ok_image2/
19:11:32 Updating base class ->RscText, by a3\ui_f\config.bin/CA_Ok_text/
19:11:32 Updating base class ->RscPicture, by a3\ui_f\config.bin/RscVignette/
19:11:32 Updating base class ->RscControlsGroupNoScrollbars, by a3\ui_f\config.bin/RscMapControlTooltip/
19:11:32 Updating base class RscUnitInfo->RscUnitInfoAirNoWeapon, by a3\ui_f\config.bin/RscInGameUI/RscUnitInfoAir/
19:11:32 Updating base class RscShortcutButton->RscButtonMenu, by a3\ui_f\config.bin/RscDisplayDebug/Controls/B_OK/
19:11:32 Updating base class RscShortcutButton->RscButtonMenu, by a3\ui_f\config.bin/RscDisplayDebug/Controls/B_Cancel/
19:11:32 Updating base class RscShortcutButton->RscButtonMenu, by a3\ui_f\config.bin/RscDisplayDebug/Controls/B_Clear/
19:11:32 Updating base class ->RscText, by a3\ui_f\config.bin/RscDisplayCapture/controls/TimeLines/
19:11:32 Updating base class RscShortcutButton->RscButtonMenu, by a3\ui_f\config.bin/RscDisplayCapture/controls/ButtonAverages/
19:11:32 Updating base class RscShortcutButton->RscButtonMenu, by a3\ui_f\config.bin/RscDisplayCapture/controls/ButtonSavePreviousData/
19:11:32 Updating base class RscShortcutButton->RscButtonMenu, by a3\ui_f\config.bin/RscDisplayCapture/controls/ButtonPreviousData/
19:11:32 Updating base class RscControlsGroup->RscControlsGroupNoHScrollbars, by a3\ui_f\config.bin/RscDisplayMain/controls/ModIcons/
19:11:32 Updating base class RscPicture->RscPictureKeepAspect, by a3\ui_f\config.bin/RscDisplayMain/IconPicture/
19:11:32 Updating base class IconPicture->RscPictureKeepAspect, by a3\ui_f\config.bin/RscDisplayMain/DlcOwnedIconPicture/
19:11:32 Updating base class IconPicture->RscPictureKeepAspect, by a3\ui_f\config.bin/RscDisplayMain/DlcIconPicture/
19:11:32 Updating base class RscListBox->RscCombo, by a3\ui_f\config.bin/RscDisplayCustomizeController/Steepness/
19:11:32 Updating base class ->RscStandardDisplay, by a3\ui_f\config.bin/RscDisplayControlSchemes/
19:11:32 Updating base class ButtonOK->RscButtonMenuCancel, by a3\ui_f\config.bin/RscDisplayControlSchemes/controls/ButtonCancel/
19:11:32 Updating base class RscButton->RscButtonMenuOK, by a3\ui_f\config.bin/RscDisplayControlSchemes/controls/ButtonOK/
19:11:32 Updating base class RscPicture->RscPictureKeepAspect, by a3\ui_f\config.bin/RscDisplayFileSelectImage/controls/OverviewPicture/
19:11:32 Updating base class RscShortcutButton->RscButtonMenuCancel, by a3\ui_f\config.bin/RscDisplayFieldManual/controls/ButtonCancel/
19:11:32 Cannot delete class B_KickOff, it is referenced somewhere (used as a base class probably).
19:11:32 Updating base class RscButton->RscButtonMenuCancel, by a3\ui_f\config.bin/RscDisplayPublishMission/controls/ButtonCancel/
19:11:32 Updating base class RscShortcutButton->RscButtonMenuOK, by a3\ui_f\config.bin/RscDisplayPublishMissionSelectTags/controls/ButtonOK/
19:11:32 Updating base class ButtonOK->RscButtonMenuCancel, by a3\ui_f\config.bin/RscDisplayPublishMissionSelectTags/controls/ButtonCancel/
19:11:32 Updating base class ->RscSubmenu, by a3\ui_f\config.bin/RscMainMenu/
19:11:32 Cannot update non class from class a3\ui_f\config.bin/RscCallSupport/Items/
19:11:32 Cannot update non class from class a3\ui_f\config.bin/RscRadio/Items/
19:11:32 Updating base class RscStandardDisplay->, by a3\ui_f_mp_mark\config.bin/RscDisplayRespawn/
19:11:32 Updating base class ->Default, by a3\weapons_f\config.bin/cfgWeapons/ItemCore/
19:11:32 Updating base class ->Binocular, by a3\weapons_f\config.bin/cfgWeapons/NVGoggles/
19:11:32 Updating base class ->Bag_Base, by a3\weapons_f\ammoboxes\config.bin/CfgVehicles/B_Kitbag_Base/
19:11:32 Updating base class ->Bag_Base, by a3\weapons_f\ammoboxes\config.bin/CfgVehicles/B_Carryall_Base/
19:11:32 Updating base class ->B_Bergen_Base, by a3\weapons_f\ammoboxes\config.bin/CfgVehicles/B_Bergen_rgr/
19:11:32 Updating base class ->B_AssaultPack_mcamo, by a3\weapons_f\ammoboxes\config.bin/CfgVehicles/B_AssaultPack_Kerry/
19:11:32 Updating base class ->InventoryItem_Base_F, by a3\weapons_f\items\config.bin/CfgWeapons/InventoryFlashLightItem_Base_F/
19:11:32 Updating base class ->InventoryItem_Base_F, by a3\weapons_f\items\config.bin/CfgWeapons/InventoryMuzzleItem_Base_F/
19:11:32 Updating base class ->InventoryItem_Base_F, by a3\weapons_f\items\config.bin/CfgWeapons/InventoryOpticsItem_Base_F/
19:11:32 Updating base class ->InventoryItem_Base_F, by a3\weapons_f\items\config.bin/CfgWeapons/UniformItem/
19:11:32 Updating base class ->InventoryItem_Base_F, by a3\weapons_f\items\config.bin/CfgWeapons/VestItem/
19:11:32 Updating base class ->arifle_MX_F, by a3\weapons_f\rifles\mx_black\config.bin/CfgWeapons/arifle_MX_Black_F/
19:11:32 Updating base class ->arifle_MX_GL_F, by a3\weapons_f\rifles\mx_black\config.bin/CfgWeapons/arifle_MX_GL_Black_F/
19:11:32 Updating base class ->SlotInfo, by pg_services_pmc_weapons\config.bin/UnderBarrelSlot/
19:11:32 Updating base class ->Civilian, by a3\characters_f\config.bin/CfgVehicles/Civilian_F/
19:11:32 Updating base class ->CAManBase, by a3\characters_f\config.bin/CfgVehicles/SoldierWB/
19:11:32 Updating base class ->B_Soldier_base_F, by a3\characters_f\config.bin/CfgVehicles/B_Soldier_02_f/
19:11:32 Updating base class SoldierWB->SoldierGB, by a3\characters_f\config.bin/CfgVehicles/I_Soldier_base_F/
19:11:32 Updating base class ->ItemCore, by a3\characters_f\config.bin/cfgWeapons/Uniform_Base/
19:11:32 Updating base class ->ItemCore, by a3\characters_f\config.bin/cfgWeapons/Vest_NoCamo_Base/
19:11:32 Updating base class ->Vest_NoCamo_Base, by a3\characters_f\config.bin/cfgWeapons/V_PlateCarrier1_rgr/
19:11:32 Updating base class ->Vest_Camo_Base, by a3\characters_f\config.bin/cfgWeapons/V_TacVest_khk/
19:11:32 Updating base class ->Vest_NoCamo_Base, by a3\characters_f\config.bin/cfgWeapons/V_TacVestIR_blk/
19:11:32 Updating base class ->Vest_NoCamo_Base, by a3\characters_f\config.bin/cfgWeapons/V_PlateCarrierIA1_dgtl/
19:11:32 Updating base class ->InventoryItem_Base_F, by a3\characters_f\config.bin/cfgWeapons/HeadgearItem/
19:11:32 Updating base class ->H_HelmetB, by a3\characters_f\config.bin/cfgWeapons/H_Booniehat_khk/
19:11:32 Updating base class ItemCore->H_HelmetB_plain_mcamo, by a3\characters_f\config.bin/cfgWeapons/H_HelmetB_plain_blk/
19:11:32 Updating base class ->H_HelmetB, by a3\characters_f\config.bin/cfgWeapons/H_Cap_red/
19:11:32 Updating base class ->None, by a3\characters_f\heads\config.bin/CfgGlasses/G_Tactical_Clear/
19:11:32 Updating base class ->ItemCore, by a3\weapons_f\acc\config.bin/cfgWeapons/Zasleh2/
19:11:32 Updating base class ->Heli_Light_01_base_F, by a3\air_f\heli_light_01\config.bin/CfgVehicles/Heli_Light_01_unarmed_base_F/
19:11:32 Updating base class ->EventHandlers, by a3\air_f\heli_light_01\config.bin/CfgVehicles/B_Heli_Light_01_F/EventHandlers/
19:11:32 Updating base class ->Ship_F, by a3\boat_f\config.bin/CfgVehicles/Boat_F/
19:11:32 Updating base class Offroad_01_base_F->Offroad_01_civil_base_F, by a3\soft_f\offroad_01\config.bin/CfgVehicles/C_Offroad_01_F/
19:11:32 Updating base class ->Offroad_01_military_base_F, by a3\soft_f\offroad_01\config.bin/CfgVehicles/Offroad_01_armed_base_F/
19:11:32 Updating base class Offroad_01_armed_base_F->I_G_Offroad_01_armed_F, by a3\soft_f\offroad_01\config.bin/CfgVehicles/B_G_Offroad_01_armed_F/
19:11:32 Updating base class ->Quadbike_01_base_F, by a3\soft_f\quadbike_01\config.bin/CfgVehicles/O_Quadbike_01_F/
19:11:32 Updating base class ->asdg_OpticRail, by asdg_jointrails\config.bin/asdg_OpticRail1913/
19:11:32 Updating base class ->asdg_OpticRail1913, by asdg_jointrails\config.bin/asdg_OpticRail1913_short/
19:11:32 Updating base class UnderBarrelSlot->asdg_UnderSlot, by asdg_jointrails\longrangerifles\dmr_01\config.bin/CfgWeapons/srifle_DMR_01_F/WeaponSlotsInfo/UnderBarrelSlot/
19:11:32 Updating base class UnderBarrelSlot->asdg_UnderSlot, by asdg_jointrails\longrangerifles\ebr\config.bin/CfgWeapons/srifle_EBR_F/WeaponSlotsInfo/UnderBarrelSlot/
19:11:32 Updating base class CowsSlot->asdg_OpticRail1913, by asdg_jointrails\longrangerifles\gm6\config.bin/CfgWeapons/srifle_GM6_F/WeaponSlotsInfo/CowsSlot/
19:11:32 Updating base class CowsSlot->asdg_OpticRail1913, by asdg_jointrails\longrangerifles\m320\config.bin/CfgWeapons/srifle_LRR_F/WeaponSlotsInfo/CowsSlot/
19:11:32 Updating base class CowsSlot->asdg_OpticRail1913_short, by asdg_jointrails\machineguns\m200\config.bin/CfgWeapons/LMG_Mk200_F/WeaponSlotsInfo/CowsSlot/
19:11:32 Updating base class PointerSlot->asdg_FrontSideRail, by asdg_jointrails\machineguns\m200\config.bin/CfgWeapons/LMG_Mk200_F/WeaponSlotsInfo/PointerSlot/
19:11:32 Updating base class UnderBarrelSlot->asdg_UnderSlot, by asdg_jointrails\machineguns\m200\config.bin/CfgWeapons/LMG_Mk200_F/WeaponSlotsInfo/UnderBarrelSlot/
19:11:32 Updating base class CowsSlot->asdg_OpticRail1913_short, by asdg_jointrails\machineguns\zafir\config.bin/CfgWeapons/LMG_Zafir_F/WeaponSlotsInfo/CowsSlot/
19:11:32 Updating base class PointerSlot->asdg_FrontSideRail, by asdg_jointrails\machineguns\zafir\config.bin/CfgWeapons/LMG_Zafir_F/WeaponSlotsInfo/PointerSlot/
19:11:32 Updating base class CowsSlot->asdg_OpticRail1913, by asdg_jointrails\rifles\mx\config.bin/CfgWeapons/arifle_MXC_F/WeaponSlotsInfo/CowsSlot/
19:11:32 Updating base class PointerSlot->asdg_FrontSideRail, by asdg_jointrails\rifles\mx\config.bin/CfgWeapons/arifle_MXC_F/WeaponSlotsInfo/PointerSlot/
19:11:32 Updating base class MuzzleSlot->asdg_MuzzleSlot_556, by asdg_jointrails\rifles\trg20\config.bin/CfgWeapons/arifle_TRG20_F/WeaponSlotsInfo/MuzzleSlot/
19:11:32 Updating base class MuzzleSlot->asdg_MuzzleSlot_762, by asdg_jointmuzzles\config.bin/CfgWeapons/arifle_Katiba_C_F/WeaponSlotsInfo/MuzzleSlot/
19:11:32 Updating base class MuzzleSlot->asdg_MuzzleSlot_762, by asdg_jointmuzzles\config.bin/CfgWeapons/arifle_MXC_F/WeaponSlotsInfo/MuzzleSlot/
19:11:32 Updating base class MuzzleSlot->asdg_MuzzleSlot_762, by asdg_jointmuzzles\config.bin/CfgWeapons/arifle_MXM_F/WeaponSlotsInfo/MuzzleSlot/
19:11:32 Updating base class asdg_MuzzleSlot_45ACP_SMG->asdg_MuzzleSlot_45ACP, by asdg_jointmuzzles\config.bin/CfgWeapons/SMG_01_F/WeaponSlotsInfo/MuzzleSlot/
19:11:32 Updating base class asdg_MuzzleSlot_9MM_SMG->asdg_MuzzleSlot_9MM, by asdg_jointmuzzles\config.bin/CfgWeapons/SMG_02_F/WeaponSlotsInfo/MuzzleSlot/
19:11:32 Updating base class asdg_MuzzleSlot_9MM_SMG->asdg_MuzzleSlot_9MM, by asdg_jointmuzzles\config.bin/CfgWeapons/hgun_PDW2000_F/WeaponSlotsInfo/MuzzleSlot/
19:11:32 Updating base class MuzzleSlot->asdg_MuzzleSlot_9MM, by asdg_jointmuzzles\config.bin/CfgWeapons/hgun_P07_F/WeaponSlotsInfo/MuzzleSlot/
19:11:32 Updating base class MuzzleSlot->, by asdg_jointmuzzles\config.bin/CfgWeapons/hgun_Rook40_F/WeaponSlotsInfo/MuzzleSlot/
19:11:32 Updating base class ->Rifle_Base_F, by CUP\Weapons\CUP_Weapons_M14\config.bin/CfgWeapons/CUP_srifle_M14/
19:11:32 Updating base class ->CUP_arifle_M4A1_BUIS_Base, by CUP\Weapons\CUP_Weapons_M16\config.bin/CfgWeapons/CUP_arifle_M4A1_BUIS_GL/
19:11:32 Updating base class ->CUP_arifle_M4A1_BUIS_Base, by CUP\Weapons\CUP_Weapons_M16\config.bin/CfgWeapons/CUP_arifle_M4A1_black/
19:11:32 Updating base class ->Rifle_Long_Base_F, by CUP\Weapons\CUP_Weapons_M249\config.bin/CfgWeapons/CUP_lmg_M249_para/
19:11:33 ragdollHitDmgLimit (0.000000) is lower than minimum (0.010000) and it was set to min.
19:11:33 Initializing Steam Manager
19:11:33 ManagerConfig()
19:11:33 Steam Manager initialized.
19:11:33 
19:11:33 ==== Loaded addons ====
19:11:33 
19:11:33 dta\bin.pbo - unknown
19:11:33 dta\core.pbo - 72362
19:11:33 dta\languagecore_f.pbo - 83717
19:11:33 C:\Users\Administrator\Desktop\Steam\steamapps\common\Arma 3 Server\@Addons2\addons\a3_bush.pbo - unknown
19:11:33 C:\Users\Administrator\Desktop\Steam\steamapps\common\Arma 3 Server\@Addons2\addons\a3_plants.pbo - unknown
19:11:33 C:\Users\Administrator\Desktop\Steam\steamapps\common\Arma 3 Server\@Addons2\addons\a3_rocks.pbo - unknown
19:11:33 C:\Users\Administrator\Desktop\Steam\steamapps\common\Arma 3 Server\@Addons2\addons\a3_trees.pbo - unknown
19:11:33 C:\Users\Administrator\Desktop\Steam\steamapps\common\Arma 3 Server\@Addons2\addons\asdg_jointmuzzles.pbo - unknown
19:11:33 C:\Users\Administrator\Desktop\Steam\steamapps\common\Arma 3 Server\@Addons2\addons\asdg_jointrails.pbo - unknown
19:11:33 C:\Users\Administrator\Desktop\Steam\steamapps\common\Arma 3 Server\@Addons2\addons\cba_ai.pbo - 004
19:11:33 C:\Users\Administrator\Desktop\Steam\steamapps\common\Arma 3 Server\@Addons2\addons\cba_arrays.pbo - 003
19:11:33 C:\Users\Administrator\Desktop\Steam\steamapps\common\Arma 3 Server\@Addons2\addons\cba_common.pbo - 018
19:11:33 C:\Users\Administrator\Desktop\Steam\steamapps\common\Arma 3 Server\@Addons2\addons\cba_diagnostic.pbo - 008
19:11:33 C:\Users\Administrator\Desktop\Steam\steamapps\common\Arma 3 Server\@Addons2\addons\cba_events.pbo - 006
19:11:33 C:\Users\Administrator\Desktop\Steam\steamapps\common\Arma 3 Server\@Addons2\addons\cba_extended_eventhandlers.pbo - 003
19:11:33 C:\Users\Administrator\Desktop\Steam\steamapps\common\Arma 3 Server\@Addons2\addons\cba_hashes.pbo - 004
19:11:33 C:\Users\Administrator\Desktop\Steam\steamapps\common\Arma 3 Server\@Addons2\addons\cba_help.pbo - 004
19:11:33 C:\Users\Administrator\Desktop\Steam\steamapps\common\Arma 3 Server\@Addons2\addons\cba_keybinding.pbo - 018
19:11:33 C:\Users\Administrator\Desktop\Steam\steamapps\common\Arma 3 Server\@Addons2\addons\cba_main.pbo - 019
19:11:33 C:\Users\Administrator\Desktop\Steam\steamapps\common\Arma 3 Server\@Addons2\addons\cba_main_a3.pbo - 002
19:11:33 C:\Users\Administrator\Desktop\Steam\steamapps\common\Arma 3 Server\@Addons2\addons\cba_network.pbo - 013
19:11:33 C:\Users\Administrator\Desktop\Steam\steamapps\common\Arma 3 Server\@Addons2\addons\cba_strings.pbo - 007
19:11:33 C:\Users\Administrator\Desktop\Steam\steamapps\common\Arma 3 Server\@Addons2\addons\cba_ui.pbo - 017
19:11:33 C:\Users\Administrator\Desktop\Steam\steamapps\common\Arma 3 Server\@Addons2\addons\cba_ui_helper.pbo - 002
19:11:33 C:\Users\Administrator\Desktop\Steam\steamapps\common\Arma 3 Server\@Addons2\addons\cba_vectors.pbo - 002
19:11:33 C:\Users\Administrator\Desktop\Steam\steamapps\common\Arma 3 Server\@Addons2\addons\cba_versioning.pbo - 002
19:11:33 C:\Users\Administrator\Desktop\Steam\steamapps\common\Arma 3 Server\@Addons2\addons\cba_xeh.pbo - 020
19:11:33 C:\Users\Administrator\Desktop\Steam\steamapps\common\Arma 3 Server\@Addons2\addons\cba_xeh_a3.pbo - 021
19:11:33 C:\Users\Administrator\Desktop\Steam\steamapps\common\Arma 3 Server\@Addons2\addons\cl3_anims.pbo - unknown
19:11:33 C:\Users\Administrator\Desktop\Steam\steamapps\common\Arma 3 Server\@Addons2\addons\cl3_sounds.pbo - unknown
19:11:33 C:\Users\Administrator\Desktop\Steam\steamapps\common\Arma 3 Server\@Addons2\addons\cl3_vehiclefunctions.pbo - unknown
19:11:33 C:\Users\Administrator\Desktop\Steam\steamapps\common\Arma 3 Server\@Addons2\addons\cl3_wheeled.pbo - unknown
19:11:33 C:\Users\Administrator\Desktop\Steam\steamapps\common\Arma 3 Server\@Addons2\addons\clay_carradio.pbo - unknown
19:11:33 C:\Users\Administrator\Desktop\Steam\steamapps\common\Arma 3 Server\@Addons2\addons\cup_baseconfigs.pbo - unknown
19:11:33 C:\Users\Administrator\Desktop\Steam\steamapps\common\Arma 3 Server\@Addons2\addons\cup_basedata.pbo - unknown
19:11:33 C:\Users\Administrator\Desktop\Steam\steamapps\common\Arma 3 Server\@Addons2\addons\cup_creatures_people_military_dummyinfantryset.pbo - unknown
19:11:33 C:\Users\Administrator\Desktop\Steam\steamapps\common\Arma 3 Server\@Addons2\addons\cup_weapons_aa12.pbo - unknown
19:11:33 C:\Users\Administrator\Desktop\Steam\steamapps\common\Arma 3 Server\@Addons2\addons\cup_weapons_ak.pbo - unknown
19:11:33 C:\Users\Administrator\Desktop\Steam\steamapps\common\Arma 3 Server\@Addons2\addons\cup_weapons_ammoboxes.pbo - unknown
19:11:33 C:\Users\Administrator\Desktop\Steam\steamapps\common\Arma 3 Server\@Addons2\addons\cup_weapons_ammunition.pbo - unknown
19:11:33 C:\Users\Administrator\Desktop\Steam\steamapps\common\Arma 3 Server\@Addons2\addons\cup_weapons_as50.pbo - unknown
19:11:33 C:\Users\Administrator\Desktop\Steam\steamapps\common\Arma 3 Server\@Addons2\addons\cup_weapons_awm.pbo - unknown
19:11:33 C:\Users\Administrator\Desktop\Steam\steamapps\common\Arma 3 Server\@Addons2\addons\cup_weapons_backpacks.pbo - unknown
19:11:33 C:\Users\Administrator\Desktop\Steam\steamapps\common\Arma 3 Server\@Addons2\addons\cup_weapons_bizon.pbo - unknown
19:11:33 C:\Users\Administrator\Desktop\Steam\steamapps\common\Arma 3 Server\@Addons2\addons\cup_weapons_colt1911.pbo - unknown
19:11:33 C:\Users\Administrator\Desktop\Steam\steamapps\common\Arma 3 Server\@Addons2\addons\cup_weapons_compact.pbo - unknown
19:11:33 C:\Users\Administrator\Desktop\Steam\steamapps\common\Arma 3 Server\@Addons2\addons\cup_weapons_compatibility.pbo - unknown
19:11:33 C:\Users\Administrator\Desktop\Steam\steamapps\common\Arma 3 Server\@Addons2\addons\cup_weapons_curator.pbo - unknown
19:11:33 C:\Users\Administrator\Desktop\Steam\steamapps\common\Arma 3 Server\@Addons2\addons\cup_weapons_cz750.pbo - unknown
19:11:33 C:\Users\Administrator\Desktop\Steam\steamapps\common\Arma 3 Server\@Addons2\addons\cup_weapons_cz805.pbo - unknown
19:11:33 C:\Users\Administrator\Desktop\Steam\steamapps\common\Arma 3 Server\@Addons2\addons\cup_weapons_dmr.pbo - unknown
19:11:33 C:\Users\Administrator\Desktop\Steam\steamapps\common\Arma 3 Server\@Addons2\addons\cup_weapons_duty.pbo - unknown
19:11:33 C:\Users\Administrator\Desktop\Steam\steamapps\common\Arma 3 Server\@Addons2\addons\cup_weapons_east_attachments.pbo - unknown
19:11:33 C:\Users\Administrator\Desktop\Steam\steamapps\common\Arma 3 Server\@Addons2\addons\cup_weapons_evo.pbo - unknown
19:11:33 C:\Users\Administrator\Desktop\Steam\steamapps\common\Arma 3 Server\@Addons2\addons\cup_weapons_fnfal.pbo - unknown
19:11:33 C:\Users\Administrator\Desktop\Steam\steamapps\common\Arma 3 Server\@Addons2\addons\cup_weapons_g36.pbo - unknown
19:11:33 C:\Users\Administrator\Desktop\Steam\steamapps\common\Arma 3 Server\@Addons2\addons\cup_weapons_glock17.pbo - unknown
19:11:33 C:\Users\Administrator\Desktop\Steam\steamapps\common\Arma 3 Server\@Addons2\addons\cup_weapons_grenadelaunchers.pbo - unknown
19:11:33 C:\Users\Administrator\Desktop\Steam\steamapps\common\Arma 3 Server\@Addons2\addons\cup_weapons_grenades.pbo - unknown
19:11:33 C:\Users\Administrator\Desktop\Steam\steamapps\common\Arma 3 Server\@Addons2\addons\cup_weapons_huntingrifle.pbo - unknown
19:11:33 C:\Users\Administrator\Desktop\Steam\steamapps\common\Arma 3 Server\@Addons2\addons\cup_weapons_igla.pbo - unknown
19:11:33 C:\Users\Administrator\Desktop\Steam\steamapps\common\Arma 3 Server\@Addons2\addons\cup_weapons_items.pbo - unknown
19:11:33 C:\Users\Administrator\Desktop\Steam\steamapps\common\Arma 3 Server\@Addons2\addons\cup_weapons_javelin.pbo - unknown
19:11:33 C:\Users\Administrator\Desktop\Steam\steamapps\common\Arma 3 Server\@Addons2\addons\cup_weapons_ksvk.pbo - unknown
19:11:33 C:\Users\Administrator\Desktop\Steam\steamapps\common\Arma 3 Server\@Addons2\addons\cup_weapons_l110.pbo - unknown
19:11:33 C:\Users\Administrator\Desktop\Steam\steamapps\common\Arma 3 Server\@Addons2\addons\cup_weapons_l7a2.pbo - unknown
19:11:33 C:\Users\Administrator\Desktop\Steam\steamapps\common\Arma 3 Server\@Addons2\addons\cup_weapons_l85.pbo - unknown
19:11:33 C:\Users\Administrator\Desktop\Steam\steamapps\common\Arma 3 Server\@Addons2\addons\cup_weapons_leeenfield.pbo - unknown
19:11:33 C:\Users\Administrator\Desktop\Steam\steamapps\common\Arma 3 Server\@Addons2\addons\cup_weapons_m1014.pbo - unknown
19:11:33 C:\Users\Administrator\Desktop\Steam\steamapps\common\Arma 3 Server\@Addons2\addons\cup_weapons_m107.pbo - unknown
19:11:33 C:\Users\Administrator\Desktop\Steam\steamapps\common\Arma 3 Server\@Addons2\addons\cup_weapons_m110.pbo - unknown
19:11:33 C:\Users\Administrator\Desktop\Steam\steamapps\common\Arma 3 Server\@Addons2\addons\cup_weapons_m136.pbo - unknown
19:11:33 C:\Users\Administrator\Desktop\Steam\steamapps\common\Arma 3 Server\@Addons2\addons\cup_weapons_m14.pbo - unknown
19:11:33 C:\Users\Administrator\Desktop\Steam\steamapps\common\Arma 3 Server\@Addons2\addons\cup_weapons_m16.pbo - unknown
19:11:33 C:\Users\Administrator\Desktop\Steam\steamapps\common\Arma 3 Server\@Addons2\addons\cup_weapons_m24.pbo - unknown
19:11:33 C:\Users\Administrator\Desktop\Steam\steamapps\common\Arma 3 Server\@Addons2\addons\cup_weapons_m240.pbo - unknown
19:11:33 C:\Users\Administrator\Desktop\Steam\steamapps\common\Arma 3 Server\@Addons2\addons\cup_weapons_m249.pbo - unknown
19:11:33 C:\Users\Administrator\Desktop\Steam\steamapps\common\Arma 3 Server\@Addons2\addons\cup_weapons_m47.pbo - unknown
19:11:33 C:\Users\Administrator\Desktop\Steam\steamapps\common\Arma 3 Server\@Addons2\addons\cup_weapons_m60e4.pbo - unknown
19:11:33 C:\Users\Administrator\Desktop\Steam\steamapps\common\Arma 3 Server\@Addons2\addons\cup_weapons_m9.pbo - unknown
19:11:33 C:\Users\Administrator\Desktop\Steam\steamapps\common\Arma 3 Server\@Addons2\addons\cup_weapons_maaws.pbo - unknown
19:11:33 C:\Users\Administrator\Desktop\Steam\steamapps\common\Arma 3 Server\@Addons2\addons\cup_weapons_makarov.pbo - unknown
19:11:33 C:\Users\Administrator\Desktop\Steam\steamapps\common\Arma 3 Server\@Addons2\addons\cup_weapons_metis_at_13.pbo - unknown
19:11:33 C:\Users\Administrator\Desktop\Steam\steamapps\common\Arma 3 Server\@Addons2\addons\cup_weapons_microuzi.pbo - unknown
19:11:33 C:\Users\Administrator\Desktop\Steam\steamapps\common\Arma 3 Server\@Addons2\addons\cup_weapons_mk48.pbo - unknown
19:11:33 C:\Users\Administrator\Desktop\Steam\steamapps\common\Arma 3 Server\@Addons2\addons\cup_weapons_mp5.pbo - unknown
19:11:33 C:\Users\Administrator\Desktop\Steam\steamapps\common\Arma 3 Server\@Addons2\addons\cup_weapons_nlaw.pbo - unknown
19:11:33 C:\Users\Administrator\Desktop\Steam\steamapps\common\Arma 3 Server\@Addons2\addons\cup_weapons_pb_6p9.pbo - unknown
19:11:33 C:\Users\Administrator\Desktop\Steam\steamapps\common\Arma 3 Server\@Addons2\addons\cup_weapons_phantom.pbo - unknown
19:11:33 C:\Users\Administrator\Desktop\Steam\steamapps\common\Arma 3 Server\@Addons2\addons\cup_weapons_pk.pbo - unknown
19:11:33 C:\Users\Administrator\Desktop\Steam\steamapps\common\Arma 3 Server\@Addons2\addons\cup_weapons_pods.pbo - unknown
19:11:33 C:\Users\Administrator\Desktop\Steam\steamapps\common\Arma 3 Server\@Addons2\addons\cup_weapons_put.pbo - unknown
19:11:33 C:\Users\Administrator\Desktop\Steam\steamapps\common\Arma 3 Server\@Addons2\addons\cup_weapons_revolver.pbo - unknown
19:11:33 C:\Users\Administrator\Desktop\Steam\steamapps\common\Arma 3 Server\@Addons2\addons\cup_weapons_rpg18.pbo - unknown
19:11:33 C:\Users\Administrator\Desktop\Steam\steamapps\common\Arma 3 Server\@Addons2\addons\cup_weapons_rpg7.pbo - unknown
19:11:33 C:\Users\Administrator\Desktop\Steam\steamapps\common\Arma 3 Server\@Addons2\addons\cup_weapons_sa58.pbo - unknown
19:11:33 C:\Users\Administrator\Desktop\Steam\steamapps\common\Arma 3 Server\@Addons2\addons\cup_weapons_sa61.pbo - unknown
19:11:33 C:\Users\Administrator\Desktop\Steam\steamapps\common\Arma 3 Server\@Addons2\addons\cup_weapons_saiga12k.pbo - unknown
19:11:33 C:\Users\Administrator\Desktop\Steam\steamapps\common\Arma 3 Server\@Addons2\addons\cup_weapons_scar.pbo - unknown
19:11:33 C:\Users\Administrator\Desktop\Steam\steamapps\common\Arma 3 Server\@Addons2\addons\cup_weapons_smaw.pbo - unknown
19:11:33 C:\Users\Administrator\Desktop\Steam\steamapps\common\Arma 3 Server\@Addons2\addons\cup_weapons_stinger.pbo - unknown
19:11:33 C:\Users\Administrator\Desktop\Steam\steamapps\common\Arma 3 Server\@Addons2\addons\cup_weapons_strela_2.pbo - unknown
19:11:33 C:\Users\Administrator\Desktop\Steam\steamapps\common\Arma 3 Server\@Addons2\addons\cup_weapons_svd.pbo - unknown
19:11:33 C:\Users\Administrator\Desktop\Steam\steamapps\common\Arma 3 Server\@Addons2\addons\cup_weapons_uk59.pbo - unknown
19:11:33 C:\Users\Administrator\Desktop\Steam\steamapps\common\Arma 3 Server\@Addons2\addons\cup_weapons_vehicleweapons.pbo - unknown
19:11:33 C:\Users\Administrator\Desktop\Steam\steamapps\common\Arma 3 Server\@Addons2\addons\cup_weapons_vss.pbo - unknown
19:11:33 C:\Users\Administrator\Desktop\Steam\steamapps\common\Arma 3 Server\@Addons2\addons\cup_weapons_weaponscore.pbo - unknown
19:11:33 C:\Users\Administrator\Desktop\Steam\steamapps\common\Arma 3 Server\@Addons2\addons\cup_weapons_west_attachments.pbo - unknown
19:11:33 C:\Users\Administrator\Desktop\Steam\steamapps\common\Arma 3 Server\@Addons2\addons\cup_weapons_xm8.pbo - unknown
19:11:33 C:\Users\Administrator\Desktop\Steam\steamapps\common\Arma 3 Server\@Addons2\addons\dbo_old_bike.pbo - unknown
19:11:33 C:\Users\Administrator\Desktop\Steam\steamapps\common\Arma 3 Server\@Addons2\addons\demian2435_police.pbo - unknown
19:11:33 C:\Users\Administrator\Desktop\Steam\steamapps\common\Arma 3 Server\@Addons2\addons\globemaster_c17.pbo - unknown
19:11:33 C:\Users\Administrator\Desktop\Steam\steamapps\common\Arma 3 Server\@Addons2\addons\max_lapd_mod.pbo - unknown
19:11:33 C:\Users\Administrator\Desktop\Steam\steamapps\common\Arma 3 Server\@Addons2\addons\max_police_mod.pbo - unknown
19:11:33 C:\Users\Administrator\Desktop\Steam\steamapps\common\Arma 3 Server\@Addons2\addons\pg_services_cup.pbo - unknown
19:11:33 C:\Users\Administrator\Desktop\Steam\steamapps\common\Arma 3 Server\@Addons2\addons\pg_services_pmc.pbo - unknown
19:11:33 C:\Users\Administrator\Desktop\Steam\steamapps\common\Arma 3 Server\@Addons2\addons\pg_services_pmc_config.pbo - unknown
19:11:33 C:\Users\Administrator\Desktop\Steam\steamapps\common\Arma 3 Server\@Addons2\addons\pg_services_pmc_patches.pbo - unknown
19:11:33 C:\Users\Administrator\Desktop\Steam\steamapps\common\Arma 3 Server\@Addons2\addons\pg_services_pmc_weapons.pbo - unknown
19:11:33 C:\Users\Administrator\Desktop\Steam\steamapps\common\Arma 3 Server\@Addons2\addons\rds_a2port_civ.pbo - unknown
19:11:33 C:\Users\Administrator\Desktop\Steam\steamapps\common\Arma 3 Server\@Addons2\addons\rds_a2port_cman.pbo - unknown
19:11:33 C:\Users\Administrator\Desktop\Steam\steamapps\common\Arma 3 Server\@Addons2\addons\sab_an2.pbo - unknown
19:11:33 C:\Users\Administrator\Desktop\Steam\steamapps\common\Arma 3 Server\@Addons2\addons\sab_cu.pbo - unknown
19:11:33 C:\Users\Administrator\Desktop\Steam\steamapps\common\Arma 3 Server\@life_server\addons\life_server.pbo - unknown
19:11:33 C:\Users\Administrator\Desktop\Steam\steamapps\common\Arma 3 Server\mark\addons\anims_f_mark.ebo - 83739
19:11:33 C:\Users\Administrator\Desktop\Steam\steamapps\common\Arma 3 Server\mark\addons\characters_f_mark.ebo - 83678
19:11:33 C:\Users\Administrator\Desktop\Steam\steamapps\common\Arma 3 Server\mark\addons\data_f_mark.ebo - 82269
19:11:33 C:\Users\Administrator\Desktop\Steam\steamapps\common\Arma 3 Server\mark\addons\dubbing_f_mark.ebo - 81923
19:11:33 C:\Users\Administrator\Desktop\Steam\steamapps\common\Arma 3 Server\mark\addons\dubbing_f_mp_mark.ebo - 81923
19:11:33 C:\Users\Administrator\Desktop\Steam\steamapps\common\Arma 3 Server\mark\addons\functions_f_mark.ebo - 82819
19:11:33 C:\Users\Administrator\Desktop\Steam\steamapps\common\Arma 3 Server\mark\addons\functions_f_mp_mark.ebo - 83754
19:11:33 C:\Users\Administrator\Desktop\Steam\steamapps\common\Arma 3 Server\mark\addons\languagemissions_f_mark.ebo - 83732
19:11:33 C:\Users\Administrator\Desktop\Steam\steamapps\common\Arma 3 Server\mark\addons\languagemissions_f_mp_mark.ebo - 83732
19:11:33 C:\Users\Administrator\Desktop\Steam\steamapps\common\Arma 3 Server\mark\addons\language_f_mark.ebo - 83711
19:11:33 C:\Users\Administrator\Desktop\Steam\steamapps\common\Arma 3 Server\mark\addons\language_f_mp_mark.ebo - 83714
19:11:33 C:\Users\Administrator\Desktop\Steam\steamapps\common\Arma 3 Server\mark\addons\missions_f_mark.ebo - 83494
19:11:33 C:\Users\Administrator\Desktop\Steam\steamapps\common\Arma 3 Server\mark\addons\missions_f_mark_data.ebo - 83115
19:11:33 C:\Users\Administrator\Desktop\Steam\steamapps\common\Arma 3 Server\mark\addons\missions_f_mark_video.ebo - 81429
19:11:33 C:\Users\Administrator\Desktop\Steam\steamapps\common\Arma 3 Server\mark\addons\missions_f_mp_mark.ebo - 83640
19:11:33 C:\Users\Administrator\Desktop\Steam\steamapps\common\Arma 3 Server\mark\addons\missions_f_mp_mark_data.ebo - 81558
19:11:33 C:\Users\Administrator\Desktop\Steam\steamapps\common\Arma 3 Server\mark\addons\modules_f_mark.ebo - 81710
19:11:33 C:\Users\Administrator\Desktop\Steam\steamapps\common\Arma 3 Server\mark\addons\modules_f_mp_mark.ebo - 83640
19:11:33 C:\Users\Administrator\Desktop\Steam\steamapps\common\Arma 3 Server\mark\addons\music_f_mark.ebo - 81958
19:11:33 C:\Users\Administrator\Desktop\Steam\steamapps\common\Arma 3 Server\mark\addons\music_f_mark_music.ebo - 81930
19:11:33 C:\Users\Administrator\Desktop\Steam\steamapps\common\Arma 3 Server\mark\addons\sounds_f_mark.ebo - 83408
19:11:33 C:\Users\Administrator\Desktop\Steam\steamapps\common\Arma 3 Server\mark\addons\static_f_mark.ebo - 83658
19:11:33 C:\Users\Administrator\Desktop\Steam\steamapps\common\Arma 3 Server\mark\addons\structures_f_mark.ebo - 83683
19:11:33 C:\Users\Administrator\Desktop\Steam\steamapps\common\Arma 3 Server\mark\addons\supplies_f_mark.ebo - 79552
19:11:33 C:\Users\Administrator\Desktop\Steam\steamapps\common\Arma 3 Server\mark\addons\ui_f_mark.ebo - 82421
19:11:33 C:\Users\Administrator\Desktop\Steam\steamapps\common\Arma 3 Server\mark\addons\ui_f_mp_mark.ebo - 83655
19:11:33 C:\Users\Administrator\Desktop\Steam\steamapps\common\Arma 3 Server\mark\addons\weapons_f_mark.ebo - 83730
19:11:33 C:\Users\Administrator\Desktop\Steam\steamapps\common\Arma 3 Server\heli\addons\air_f_heli.pbo - 83642
19:11:33 C:\Users\Administrator\Desktop\Steam\steamapps\common\Arma 3 Server\heli\addons\anims_f_heli.pbo - 80475
19:11:33 C:\Users\Administrator\Desktop\Steam\steamapps\common\Arma 3 Server\heli\addons\boat_f_heli.pbo - 82564
19:11:33 C:\Users\Administrator\Desktop\Steam\steamapps\common\Arma 3 Server\heli\addons\cargoposes_f_heli.pbo - 83497
19:11:33 C:\Users\Administrator\Desktop\Steam\steamapps\common\Arma 3 Server\heli\addons\data_f_heli.pbo - 80757
19:11:33 C:\Users\Administrator\Desktop\Steam\steamapps\common\Arma 3 Server\heli\addons\dubbing_f_heli.pbo - 75138
19:11:33 C:\Users\Administrator\Desktop\Steam\steamapps\common\Arma 3 Server\heli\addons\functions_f_heli.pbo - 82940
19:11:33 C:\Users\Administrator\Desktop\Steam\steamapps\common\Arma 3 Server\heli\addons\languagemissions_f_heli.pbo - 83732
19:11:33 C:\Users\Administrator\Desktop\Steam\steamapps\common\Arma 3 Server\heli\addons\language_f_heli.pbo - 83702
19:11:33 C:\Users\Administrator\Desktop\Steam\steamapps\common\Arma 3 Server\heli\addons\missions_f_heli.pbo - 82940
19:11:33 C:\Users\Administrator\Desktop\Steam\steamapps\common\Arma 3 Server\heli\addons\missions_f_heli_data.pbo - 75977
19:11:33 C:\Users\Administrator\Desktop\Steam\steamapps\common\Arma 3 Server\heli\addons\missions_f_heli_video.pbo - 75065
19:11:33 C:\Users\Administrator\Desktop\Steam\steamapps\common\Arma 3 Server\heli\addons\modules_f_heli.pbo - 82939
19:11:33 C:\Users\Administrator\Desktop\Steam\steamapps\common\Arma 3 Server\heli\addons\music_f_heli.pbo - 76012
19:11:33 C:\Users\Administrator\Desktop\Steam\steamapps\common\Arma 3 Server\heli\addons\music_f_heli_music.pbo - 76012
19:11:33 C:\Users\Administrator\Desktop\Steam\steamapps\common\Arma 3 Server\heli\addons\soft_f_heli.pbo - 82564
19:11:33 C:\Users\Administrator\Desktop\Steam\steamapps\common\Arma 3 Server\heli\addons\sounds_f_heli.pbo - 79398
19:11:33 C:\Users\Administrator\Desktop\Steam\steamapps\common\Arma 3 Server\heli\addons\structures_f_heli.pbo - 83090
19:11:33 C:\Users\Administrator\Desktop\Steam\steamapps\common\Arma 3 Server\heli\addons\supplies_f_heli.pbo - 82971
19:11:33 C:\Users\Administrator\Desktop\Steam\steamapps\common\Arma 3 Server\heli\addons\ui_f_heli.pbo - 76986
19:11:33 C:\Users\Administrator\Desktop\Steam\steamapps\common\Arma 3 Server\kart\addons\anims_f_kart.pbo - 80475
19:11:33 C:\Users\Administrator\Desktop\Steam\steamapps\common\Arma 3 Server\kart\addons\characters_f_kart.pbo - 83566
19:11:33 C:\Users\Administrator\Desktop\Steam\steamapps\common\Arma 3 Server\kart\addons\data_f_kart.pbo - 80888
19:11:33 C:\Users\Administrator\Desktop\Steam\steamapps\common\Arma 3 Server\kart\addons\languagemissions_f_kart.pbo - 83732
19:11:33 C:\Users\Administrator\Desktop\Steam\steamapps\common\Arma 3 Server\kart\addons\language_f_kart.pbo - 83708
19:11:33 C:\Users\Administrator\Desktop\Steam\steamapps\common\Arma 3 Server\kart\addons\missions_f_kart.pbo - 76770
19:11:33 C:\Users\Administrator\Desktop\Steam\steamapps\common\Arma 3 Server\kart\addons\missions_f_kart_data.pbo - 75687
19:11:33 C:\Users\Administrator\Desktop\Steam\steamapps\common\Arma 3 Server\kart\addons\modules_f_kart.pbo - 83577
19:11:33 C:\Users\Administrator\Desktop\Steam\steamapps\common\Arma 3 Server\kart\addons\modules_f_kart_data.pbo - 74588
19:11:33 C:\Users\Administrator\Desktop\Steam\steamapps\common\Arma 3 Server\kart\addons\soft_f_kart.pbo - 83645
19:11:33 C:\Users\Administrator\Desktop\Steam\steamapps\common\Arma 3 Server\kart\addons\sounds_f_kart.pbo - 79398
19:11:33 C:\Users\Administrator\Desktop\Steam\steamapps\common\Arma 3 Server\kart\addons\structures_f_kart.pbo - 82971
19:11:33 C:\Users\Administrator\Desktop\Steam\steamapps\common\Arma 3 Server\kart\addons\ui_f_kart.pbo - 73106
19:11:33 C:\Users\Administrator\Desktop\Steam\steamapps\common\Arma 3 Server\kart\addons\weapons_f_kart.pbo - 83573
19:11:33 C:\Users\Administrator\Desktop\Steam\steamapps\common\Arma 3 Server\curator\addons\data_f_curator.pbo - 82282
19:11:33 C:\Users\Administrator\Desktop\Steam\steamapps\common\Arma 3 Server\curator\addons\functions_f_curator.pbo - 83104
19:11:33 C:\Users\Administrator\Desktop\Steam\steamapps\common\Arma 3 Server\curator\addons\language_f_curator.pbo - 83690
19:11:33 C:\Users\Administrator\Desktop\Steam\steamapps\common\Arma 3 Server\curator\addons\missions_f_curator.pbo - 80344
19:11:33 C:\Users\Administrator\Desktop\Steam\steamapps\common\Arma 3 Server\curator\addons\modules_f_curator.pbo - 83335
19:11:33 C:\Users\Administrator\Desktop\Steam\steamapps\common\Arma 3 Server\curator\addons\ui_f_curator.pbo - 83335
19:11:33 addons\a3.pbo - unknown
19:11:33 addons\air_f.pbo - 83231
19:11:33 addons\air_f_beta.pbo - 83681
19:11:33 addons\air_f_epb.pbo - 82564
19:11:33 addons\air_f_epc.pbo - 82564
19:11:33 addons\air_f_gamma.pbo - 82564
19:11:33 addons\animals_f.pbo - 79398
19:11:33 addons\animals_f_beta.pbo - 72362
19:11:33 addons\anims_f.pbo - 83895
19:11:33 addons\anims_f_bootcamp.pbo - 72362
19:11:33 addons\anims_f_data.pbo - 83699
19:11:33 addons\anims_f_epa.pbo - 78608
19:11:33 addons\anims_f_epc.pbo - 72362
19:11:33 addons\armor_f.pbo - 82564
19:11:33 addons\armor_f_beta.pbo - 83130
19:11:33 addons\armor_f_epb.pbo - 83128
19:11:33 addons\armor_f_epc.pbo - 83128
19:11:33 addons\armor_f_gamma.pbo - 83677
19:11:33 addons\baseconfig_f.pbo - 73106
19:11:33 addons\boat_f.pbo - 83667
19:11:33 addons\boat_f_beta.pbo - 83267
19:11:33 addons\boat_f_epc.pbo - 82564
19:11:33 addons\boat_f_gamma.pbo - 83643
19:11:33 addons\cargoposes_f.pbo - 83460
19:11:33 addons\characters_f.pbo - 83549
19:11:33 addons\characters_f_beta.pbo - 83570
19:11:33 addons\characters_f_bootcamp.pbo - 82576
19:11:33 addons\characters_f_epa.pbo - 83523
19:11:33 addons\characters_f_epb.pbo - 79398
19:11:33 addons\characters_f_epc.pbo - 81235
19:11:33 addons\characters_f_gamma.pbo - 79398
19:11:33 addons\data_f.pbo - 83717
19:11:33 addons\data_f_bootcamp.pbo - 76960
19:11:33 addons\drones_f.pbo - 83644
19:11:33 addons\dubbing_f.pbo - 73106
19:11:33 addons\dubbing_f_beta.pbo - 73106
19:11:33 addons\dubbing_f_bootcamp.pbo - 73106
19:11:33 addons\dubbing_f_epa.pbo - 73106
19:11:33 addons\dubbing_f_epb.pbo - 76110
19:11:33 addons\dubbing_f_epc.pbo - 73106
19:11:33 addons\dubbing_f_gamma.pbo - 73106
19:11:33 addons\dubbing_radio_f.pbo - 78704
19:11:33 addons\dubbing_radio_f_data.pbo - 78762
19:11:33 addons\editor_f.pbo - 82563
19:11:33 addons\functions_f.pbo - 83807
19:11:33 addons\functions_f_bootcamp.pbo - 83415
19:11:33 addons\functions_f_epa.pbo - 73434
19:11:33 addons\functions_f_epc.pbo - 73106
19:11:33 addons\languagemissions_f.pbo - 83717
19:11:33 addons\languagemissions_f_beta.pbo - 83723
19:11:33 addons\languagemissions_f_bootcamp.pbo - 83726
19:11:33 addons\languagemissions_f_epa.pbo - 83730
19:11:33 addons\languagemissions_f_epb.pbo - 83732
19:11:33 addons\languagemissions_f_epc.pbo - 83732
19:11:33 addons\languagemissions_f_gamma.pbo - 83732
19:11:33 addons\language_f.pbo - 83686
19:11:33 addons\language_f_beta.pbo - 83687
19:11:33 addons\language_f_bootcamp.pbo - 83688
19:11:33 addons\language_f_epa.pbo - 83692
19:11:33 addons\language_f_epb.pbo - 83694
19:11:33 addons\language_f_epc.pbo - 83695
19:11:33 addons\language_f_gamma.pbo - 83695
19:11:33 addons\map_altis.pbo - 83614
19:11:33 addons\map_altis_data.pbo - 80737
19:11:33 addons\map_altis_data_layers.pbo - 79087
19:11:33 addons\map_altis_data_layers_00_00.pbo - 79087
19:11:33 addons\map_altis_data_layers_00_01.pbo - 79087
19:11:33 addons\map_altis_data_layers_01_00.pbo - 79087
19:11:33 addons\map_altis_data_layers_01_01.pbo - 79087
19:11:33 addons\map_altis_scenes_f.pbo - 73106
19:11:33 addons\map_data.pbo - 81846
19:11:33 addons\map_stratis.pbo - 83457
19:11:33 addons\map_stratis_data.pbo - 80737
19:11:33 addons\map_stratis_data_layers.pbo - 79082
19:11:33 addons\map_stratis_scenes_f.pbo - 73106
19:11:33 addons\map_vr.pbo - 82252
19:11:33 addons\map_vr_scenes_f.pbo - 82252
19:11:33 addons\misc_f.pbo - 82966
19:11:33 addons\missions_f.pbo - 78843
19:11:33 addons\missions_f_beta.pbo - 83663
19:11:33 addons\missions_f_beta_data.pbo - 83118
19:11:33 addons\missions_f_beta_video.pbo - 73106
19:11:33 addons\missions_f_bootcamp.pbo - 83732
19:11:33 addons\missions_f_bootcamp_data.pbo - 72362
19:11:33 addons\missions_f_bootcamp_video.pbo - 75065
19:11:33 addons\missions_f_data.pbo - 73106
19:11:33 addons\missions_f_epa.pbo - 83494
19:11:33 addons\missions_f_epa_data.pbo - 73106
19:11:33 addons\missions_f_epa_video.pbo - 73106
19:11:33 addons\missions_f_epb.pbo - 83750
19:11:33 addons\missions_f_epb_data.pbo - 73106
19:11:33 addons\missions_f_epb_video.pbo - 73106
19:11:33 addons\missions_f_epc.pbo - 83104
19:11:33 addons\missions_f_epc_data.pbo - 73106
19:11:33 addons\missions_f_epc_video.pbo - 73106
19:11:33 addons\missions_f_gamma.pbo - 82717
19:11:33 addons\missions_f_gamma_data.pbo - 76877
19:11:33 addons\missions_f_gamma_video.pbo - 73106
19:11:33 addons\missions_f_video.pbo - 73106
19:11:33 addons\modules_f.pbo - 83636
19:11:33 addons\modules_f_beta.pbo - 83576
19:11:33 addons\modules_f_beta_data.pbo - 80976
19:11:33 addons\modules_f_bootcamp.pbo - 79398
19:11:33 addons\modules_f_data.pbo - 73106
19:11:33 addons\modules_f_epb.pbo - 79398
19:11:33 addons\music_f.pbo - 73106
19:11:33 addons\music_f_bootcamp.pbo - 73106
19:11:33 addons\music_f_bootcamp_music.pbo - 73106
19:11:33 addons\music_f_epa.pbo - 73106
19:11:33 addons\music_f_epa_music.pbo - 73106
19:11:33 addons\music_f_epb.pbo - 73106
19:11:33 addons\music_f_epb_music.pbo - 73106
19:11:33 addons\music_f_epc.pbo - 73106
19:11:33 addons\music_f_epc_music.pbo - 73106
19:11:33 addons\music_f_music.pbo - 73106
19:11:33 addons\plants_f.pbo - 80365
19:11:33 addons\roads_f.pbo - 82537
19:11:33 addons\rocks_f.pbo - 80359
19:11:33 addons\signs_f.pbo - 82967
19:11:33 addons\soft_f.pbo - 83658
19:11:33 addons\soft_f_beta.pbo - 83644
19:11:33 addons\soft_f_bootcamp.pbo - 83358
19:11:33 addons\soft_f_epc.pbo - 83320
19:11:33 addons\soft_f_gamma.pbo - 83775
19:11:33 addons\sounds_f.pbo - 83703
19:11:33 addons\sounds_f_bootcamp.pbo - 82576
19:11:33 addons\sounds_f_epb.pbo - 79398
19:11:33 addons\sounds_f_epc.pbo - 79398
19:11:33 addons\sounds_f_vehicles.pbo - 82151
19:11:33 addons\sounds_f_weapons.pbo - 82110
19:11:33 addons\static_f.pbo - 83378
19:11:33 addons\static_f_beta.pbo - 79398
19:11:33 addons\static_f_gamma.pbo - 82090
19:11:33 addons\structures_f.pbo - 83611
19:11:33 addons\structures_f_bootcamp.pbo - 82970
19:11:33 addons\structures_f_data.pbo - 82554
19:11:33 addons\structures_f_epa.pbo - 82615
19:11:33 addons\structures_f_epb.pbo - 83683
19:11:33 addons\structures_f_epc.pbo - 83732
19:11:33 addons\structures_f_households.pbo - 82554
19:11:33 addons\structures_f_ind.pbo - 83450
19:11:33 addons\structures_f_mil.pbo - 82969
19:11:33 addons\structures_f_wrecks.pbo - 82970
19:11:33 addons\uifonts_f.pbo - 73106
19:11:33 addons\uifonts_f_data.pbo - 73106
19:11:33 addons\ui_f.pbo - 83710
19:11:33 addons\ui_f_bootcamp.pbo - 76325
19:11:33 addons\ui_f_data.pbo - 83709
19:11:33 addons\weapons_f.pbo - 83772
19:11:33 addons\weapons_f_beta.pbo - 83667
19:11:33 addons\weapons_f_bootcamp.pbo - 81923
19:11:33 addons\weapons_f_epa.pbo - 83667
19:11:33 addons\weapons_f_epb.pbo - 80958
19:11:33 addons\weapons_f_epc.pbo - 80374
19:11:33 addons\weapons_f_gamma.pbo - 80772
19:11:33 
19:11:33 =======================
19:11:33 
19:11:33 ============================================================================================= List of mods ===============================================================================================
19:11:33 modsReadOnly = true
19:11:33 safeModsActivated = false
19:11:33 customMods = true
19:11:33 hash = 'D725EC6B4E2EE22A43C220D637D7184392608F73'
19:11:33 hashShort = '5c158bd8'
19:11:33                                               name |               modDir |    default |               origin |                                     hash | hashShort | fullPath
19:11:33 ----------------------------------------------------------------------------------------------------------------------------------------------------------------------------------------------------------
19:11:33                                           @Addons2 |             @Addons2 |      false |             GAME DIR | fd6d498c1bec00fbab3bc396f4adbaf889fc9a77 |  98008b24 | C:\Users\Administrator\Desktop\Steam\steamapps\common\Arma 3 Server\@Addons2
19:11:33                                             @extDB |               @extDB |      false |             GAME DIR |                                          |           | C:\Users\Administrator\Desktop\Steam\steamapps\common\Arma 3 Server\@extDB
19:11:33                                       @life_server |         @life_server |      false |             GAME DIR | 6691a76618e234d8b44ffc4351dde7bddb80915e |  535c9e8d | C:\Users\Administrator\Desktop\Steam\steamapps\common\Arma 3 Server\@life_server
19:11:33                                  Arma 3 DLC Bundle |            dlcbundle |       true |            NOT FOUND |                                          |           | 
19:11:33                                    Arma 3 Marksmen |                 mark |       true |             GAME DIR | d0c05e486c4cc984946df87a4ef21735a653d121 |  4696236c | C:\Users\Administrator\Desktop\Steam\steamapps\common\Arma 3 Server\mark
19:11:33                                 Arma 3 Helicopters |                 heli |       true |             GAME DIR | 20e528433bb766997e48a432050c2ae62cbddd54 |  aa5c1cd5 | C:\Users\Administrator\Desktop\Steam\steamapps\common\Arma 3 Server\heli
19:11:33                                       Arma 3 Karts |                 kart |       true |             GAME DIR | ca3f3420a94ec2b85973b00b8c63d4b0574a5c63 |  f88c65c6 | C:\Users\Administrator\Desktop\Steam\steamapps\common\Arma 3 Server\kart
19:11:33                                        Arma 3 Zeus |              curator |       true |             GAME DIR | ca8a5bb58190eb65da6ce6939b9e461ccdde70a5 |  474a0a58 | C:\Users\Administrator\Desktop\Steam\steamapps\common\Arma 3 Server\curator
19:11:33                                             Arma 3 |                   A3 |       true |            NOT FOUND |                                          |           | 
19:11:33 ==========================================================================================================================================================================================================
19:11:33 InitSound ...
19:11:33 InitSound - complete
19:11:33 PhysX3 SDK Init started ...
19:11:33 PhysX3 SDK Init ended.
19:11:33 EPE manager release (0|0|0)
19:11:33 EPE manager release (0|0|0)
19:11:36 Attempt to override final function - rscminimap_script
19:11:36 Attempt to override final function - rscdisplayloading_script
19:11:36 Attempt to override final function - rscdisplayloading_script
19:11:36 Attempt to override final function - rscdisplayloading_script
19:11:36 Attempt to override final function - rscdiary_script
19:11:36 Attempt to override final function - rscdisplaysinglemission_script
19:11:36 Attempt to override final function - rscdiary_script
19:11:37 Attempt to override final function - rscdisplayremotemissions_script
19:11:37 Attempt to override final function - rscdisplayloading_script
19:11:37 Attempt to override final function - rscdiary_script
19:11:37 Attempt to override final function - rscdiary_script
19:11:37 Attempt to override final function - rscdisplaystrategicmap_script
19:11:37 Attempt to override final function - rscdisplaycommon_script
19:11:37 Attempt to override final function - rscdisplayloading_script
19:11:37 Attempt to override final function - rscdisplaycurator_script
19:11:37 Attempt to override final function - rscdisplayattributes_script
19:11:37 Attempt to override final function - rscdisplayattributes_script
19:11:37 Attempt to override final function - rscdisplayattributes_script
19:11:37 Attempt to override final function - rscdisplaycommon_script
19:11:37 Attempt to override final function - rscdisplaydebriefing_script
19:11:37 Attempt to override final function - rscunitinfo_script
19:11:37 Attempt to override final function - rscunitinfo_script
19:11:37 Attempt to override final function - rscunitinfo_script
19:11:37 Attempt to override final function - rscunitinfo_script
19:11:37 Attempt to override final function - rscunitinfo_script
19:11:37 Attempt to override final function - rscunitinfo_script
19:11:37 Attempt to override final function - rscunitinfo_script
19:11:37 Attempt to override final function - rscunitinfo_script
19:11:37 Attempt to override final function - rscunitinfo_script
19:11:37 Attempt to override final function - rscunitinfo_script
19:11:37 Attempt to override final function - rscunitinfo_script
19:11:37 Attempt to override final function - rscunitinfo_script
19:11:37 Attempt to override final function - rscunitinfo_script
19:11:37 Attempt to override final function - rscunitinfo_script
19:11:37 Attempt to override final function - rscunitinfo_script
19:11:37 Attempt to override final function - rscunitinfo_script
19:11:37 Attempt to override final function - rscunitinfo_script
19:11:37 Attempt to override final function - rscunitinfo_script
19:11:37 Attempt to override final function - rscunitinfo_script
19:11:37 Attempt to override final function - rscunitinfo_script
19:11:37 Attempt to override final function - rscunitinfo_script
19:11:37 Attempt to override final function - rscunitinfo_script
19:11:37 Attempt to override final function - rscunitinfo_script
19:11:37 Attempt to override final function - rscunitinfo_script
19:11:37 Attempt to override final function - rscunitinfo_script
19:11:37 Attempt to override final function - rscunitinfo_script
19:11:37 Attempt to override final function - rscunitinfo_script
19:11:37 Attempt to override final function - rscunitinfo_script
19:11:37 Attempt to override final function - rscunitinfo_script
19:11:37 Attempt to override final function - rscunitinfo_script
19:11:37 Attempt to override final function - rscunitinfo_script
19:11:37 Attempt to override final function - rscunitinfo_script
19:11:37 Attempt to override final function - rscunitinfo_script
19:11:37 Attempt to override final function - rscunitinfo_script
19:11:37 Attempt to override final function - rscunitinfo_script
19:11:37 Attempt to override final function - rscunitinfo_script
19:11:37 Attempt to override final function - rscunitinfo_script
19:11:37 Attempt to override final function - rscunitinfo_script
19:11:37 Attempt to override final function - rscunitinfo_script
19:11:37 Attempt to override final function - rscunitinfo_script
19:11:37 Attempt to override final function - rscunitinfo_script
19:11:37 Attempt to override final function - rscunitinfo_script
19:11:37 Attempt to override final function - rscunitinfo_script
19:11:37 Attempt to override final function - rscunitinfo_script
19:11:37 Attempt to override final function - rscunitinfo_script
19:11:37 Attempt to override final function - rscunitinfo_script
19:11:37 Attempt to override final function - rscunitinfo_script
19:11:37 Attempt to override final function - rscunitinfo_script
19:11:37 Attempt to override final function - rscunitinfo_script
19:11:37 Attempt to override final function - rscunitinfo_script
19:11:37 Attempt to override final function - rscunitinfo_script
19:11:37 Attempt to override final function - rscunitinfo_script
19:11:37 Attempt to override final function - rscunitinfo_script
19:11:37 Attempt to override final function - rscunitinfo_script
19:11:37 Attempt to override final function - rscunitinfo_script
19:11:37 Attempt to override final function - rscunitinfo_script
19:11:37 Attempt to override final function - rscunitinfo_script
19:11:37 Attempt to override final function - rscunitinfo_script
19:11:38 EPE manager release (0|0|0)
19:11:38 EPE manager release (0|0|0)
19:11:40 Initializing Steam server - Game Port: 2302, Steam Query Port: 2303
19:11:40 EPE manager release (0|0|0)
19:11:40 EPE manager release (0|0|0)
19:11:40 Item STR_Global_Yes listed twice
19:11:40 Item STR_Global_No listed twice
19:11:40 Item STR_NOTF_ActionCancel listed twice
19:11:40 Unsupported language English in stringtable
19:11:40 EPE manager release (0|0|0)
19:11:40 EPE manager release (0|0|0)
19:11:40 Item STR_Global_Yes listed twice
19:11:40 Item STR_Global_No listed twice
19:11:40 Item STR_NOTF_ActionCancel listed twice
19:11:40 Unsupported language English in stringtable
19:11:42 Mission Altis_Life.Altis: Number of roles (98) is different from 'description.ext::Header::maxPlayer' (75)
19:11:42 Connected to Steam servers
19:11:42 Starting mission:
19:11:42  Mission file: Altis_Life
19:11:42  Mission world: Altis
19:11:42  Mission directory: mpmissions\Altis_Life.Altis\
19:11:42 EPE manager release (0|0|0)
19:11:42 EPE manager release (0|0|0)
19:11:54 Strange convex component145 in a3\plants_f\tree\t_pinuss2s_b_f.p3d:geometryView
19:11:54 Strange convex component149 in a3\plants_f\tree\t_pinuss2s_b_f.p3d:geometryView
19:12:06 EPE manager release (0|0|0)
19:12:06 EPE manager release (0|0|0)
19:12:07 Attempt to override final function - bis_functions_list
19:12:07 Attempt to override final function - bis_functions_listpreinit
19:12:07 Attempt to override final function - bis_functions_listpostinit
19:12:07 Attempt to override final function - bis_functions_listrecompile
19:12:07 [18447,61.771,0,"XEH: PreInit Started. v1.1.21.150527. MISSINIT: missionName=Altis_Life, worldName=Altis, isMultiplayer=true, isServer=true, isDedicated=true"]
19:12:07 [18447,61.992,0,"XEH: PreInit Finished. CACHE DISABLED? (Disable caching with cba_cache_disable.pbo): SLX_XEH_RECOMPILE=false, CBA_COMPILE_RECOMPILE=false, CBA_FUNC_RECOMPILE=false"]
19:12:07 Attempt to override final function - bis_fnc_missiontaskslocal
19:12:07 Attempt to override final function - bis_fnc_missionconversationslocal
19:12:07 Attempt to override final function - bis_fnc_missionflow
19:12:07 Animation tools\anims\hammergather.rtm not found or empty
19:12:08 Animation tools\anims\shovel.rtm not found or empty
19:12:15 No speaker given for Spencer Santorum
19:12:15 No speaker given for Luke Thompson
19:12:15 No speaker given for Spencer Davis
19:12:15 No speaker given for Ashton Cooper
19:12:15 No speaker given for Wallace Robinson
19:12:15 No speaker given for Ryan Martin
19:12:15 No speaker given for Imre Ibori
19:12:17 No speaker given for Idi Awolowo
19:12:17 No speaker given for Shaan Igwe
19:12:17 No speaker given for Dwan Rollins
19:12:17 No speaker given for Corey Anderson
19:12:17 No speaker given for Kyle Harrison
19:12:17 No speaker given for Dong Tung
19:12:17 No speaker given for Lin Wu
19:12:18 No speaker given for George Bennett
19:12:18 No speaker given for Shawn Martinez
19:12:18 No speaker given for Matthew Smith
19:12:18 No speaker given for Wu Yeung
19:12:18 No speaker given for John Turner
19:12:18 No speaker given for Patterson Faulkner
19:12:18 No speaker given for Terrence Morris
19:12:18 soldier[B_diver_F]:Some of magazines weren't stored in soldier Vest or Uniform?
19:12:19 No speaker given for Ryan White
19:12:19 No speaker given for Gamba Kuma
19:12:19 No speaker given for Conor Brown
19:12:19 No speaker given for William Hughes
19:12:19 No speaker given for Ashton Campbell
19:12:19 No speaker given for Thomas Williams
19:12:20 Strange convex component322 in a3\structures_f\research\dome_big_f.p3d:geometryFire
19:12:20 Strange convex component327 in a3\structures_f\research\dome_big_f.p3d:geometryFire
19:12:22 Error: Object(2 : 116) not found
19:12:22 c:\w\stable\futura\lib\network\networkserver.cpp NetworkServer::OnClientStateChanged:NOT IMPLEMENTED - briefing!
19:12:22 [18458,76.59,0,"XEH: PostInit Started"]
19:12:22 [18458,76.602,0,"CBA_VERSIONING: cba=1.1.21.150527, "]
19:12:22 [18458,76.634,0,"XEH: PostInit Finished. State: _isClient=false, _isJip=false, _isDedClient=false, _isServer=true, _isDedServer=true, _playerCheckDone=true, _sp=false, _startInitDone=true, _postInitDone=true, _mpRespawn=true, _machineType=0, _sessionId=1, _level=0, _timeOut=false, _game=3, BIS_functions=<NULL-object>, group=<NULL-group>"]
19:12:22 Unable to get file version size: C:\Users\Administrator\Desktop\Steam\steamapps\common\Arma 3 Server\@extDB\extDB.dll
19:12:22 "extDB: Version: 35"
19:12:22 "extDB: Error with Database Connection"
19:12:22 "extDB: Error checked extDB/logs for more info"
19:13:45 EPE manager release (0|0|0)
19:13:45 EPE manager release (0|0|0)
19:13:46 EPE manager release (0|0|0)
19:13:46 EPE manager release (0|0|0)
19:13:46 Deinitialized shape [Class: "Underwear_F"; Shape: "a3\characters_f\common\basicbody.p3d";]
19:13:46 Deinitialized shape [Class: "C_man_1_3_F"; Shape: "a3\characters_f\civil\c_citizen1.p3d";]
19:13:46 Deinitialized shape [Class: "C_man_1_1_F"; Shape: "a3\characters_f\civil\c_citizen1.p3d";]
19:13:46 Deinitialized shape [Class: "B_medic_F"; Shape: "a3\characters_f\blufor\b_soldier_02.p3d";]
19:13:46 Deinitialized shape [Class: "B_Soldier_02_f"; Shape: "a3\characters_f\blufor\b_soldier_02.p3d";]
19:13:46 Deinitialized shape [Class: "B_diver_F"; Shape: "a3\characters_f\common\diver_slotable.p3d";]
19:13:46 Deinitialized shape [Class: "B_G_medic_F"; Shape: "a3\characters_f_gamma\guerrilla\ig_guerrilla2_1.p3d";]
19:13:46 Deinitialized shape [Class: "B_G_Soldier_F"; Shape: "a3\characters_f_gamma\guerrilla\ig_guerrilla1_1.p3d";]
19:13:46 Deinitialized shape [Class: "B_G_officer_F"; Shape: "a3\characters_f_gamma\guerrilla\ig_guerrilla1_1.p3d";]
19:13:46 Deinitialized shape [Class: "C_man_w_worker_F"; Shape: "a3\characters_f\common\coveralls.p3d";]
19:13:46 Deinitialized shape [Class: "B_RangeMaster_F"; Shape: "a3\characters_f\civil\c_poloshirtpants.p3d";]
19:13:46 Deinitialized shape [Class: "C_man_p_beggar_F_afro"; Shape: "a3\characters_f\civil\c_poor.p3d";]
19:13:46 Deinitialized shape [Class: "C_man_p_beggar_F"; Shape: "a3\characters_f\civil\c_poor.p3d";]
19:13:46 Deinitialized shape [Class: "C_man_p_fugitive_F_asia"; Shape: "a3\characters_f\civil\c_poor.p3d";]
19:13:46 Deinitialized shape [Class: "C_man_p_fugitive_F"; Shape: "a3\characters_f\civil\c_poor.p3d";]
19:13:46 Deinitialized shape [Class: "C_man_hunter_1_F"; Shape: "a3\characters_f\civil\c_hunter_f.p3d";]
19:13:46 Deinitialized shape [Class: "C_man_polo_3_F"; Shape: "a3\characters_f\civil\c_poloshirt.p3d";]
19:13:46 Deinitialized shape [Class: "C_man_1"; Shape: "a3\characters_f\civil\c_poloshirt.p3d";]
19:13:46 Deinitialized shape [Class: "C_man_polo_6_F"; Shape: "a3\characters_f\civil\c_poloshirt.p3d";]
19:13:46 Deinitialized shape [Class: "C_man_shorts_3_F_euro"; Shape: "a3\characters_f\civil\c_poloshirt.p3d";]
19:13:46 Deinitialized shape [Class: "C_man_shorts_3_F"; Shape: "a3\characters_f\civil\c_poloshirt.p3d";]
19:13:46 Deinitialized shape [Class: "C_man_p_shorts_1_F_afro"; Shape: "a3\characters_f\civil\c_poloshirt.p3d";]
19:13:46 Deinitialized shape [Class: "C_man_p_shorts_1_F"; Shape: "a3\characters_f\civil\c_poloshirt.p3d";]
19:13:46 Deinitialized shape [Class: "C_man_polo_5_F"; Shape: "a3\characters_f\civil\c_poloshirt.p3d";]
19:13:46 Deinitialized shape [Class: "C_man_polo_1_F"; Shape: "a3\characters_f\civil\c_poloshirt.p3d";]
19:13:46 Deinitialized shape [Class: "C_man_polo_2_F"; Shape: "a3\characters_f\civil\c_poloshirt.p3d";]
19:13:46 Deinitialized shape [Class: "C_man_polo_4_F"; Shape: "a3\characters_f\civil\c_poloshirt.p3d";]
19:13:46 c:\w\stable\futura\lib\network\networkserver.cpp ClearNetServer:NOT IMPLEMENTED - briefing!
19:13:47 Extensions:
19:13:47   extDB (C:\Users\Administrator\Desktop\Steam\steamapps\common\Arma 3 Server\@extDB\extDB.dll) [] []

