19:55:05 Host identity created.
19:55:05 Game Port: 2302, Steam Query Port: 2303
19:55:06 Mission Altis Life RPG read from directory.
19:55:06 Roles assigned.
19:55:06 Reading mission ...
19:55:33 Mission read.
19:55:33 Hammerite uses modified data file
19:55:33 Player Hammerite connecting.
19:55:33 Game started.
19:55:34 Player Hammerite connected (id=76561198122436832).
19:56:59 Myty uses modified data file
19:56:59 Player Myty connecting.
19:57:01 Player Myty connected (id=76561198148340810).
19:57:48 ethan uses modified data file
19:57:48 Player ethan connecting.
19:57:49 Player ethan connected (id=76561198118965922).
20:02:32 Admin logged in, player: Hammerite, playerUID: 76561198122436832, IP: 192.168.0.2:2304.
20:17:25 [ADMIN] Goku uses modified data file
20:17:25 Player [ADMIN] Goku connecting.
20:17:26 Player [ADMIN] Goku connected (id=76561198125912876).
20:17:39 june twinkle uses modified data file
20:17:39 Player june twinkle connecting.
20:17:41 Player june twinkle connected (id=76561198125450912).
20:51:27 Player [ADMIN] Goku disconnected.
20:52:18 Player Myty disconnected.
20:52:53 Player ethan disconnected.
20:55:29 Red_Wolf uses modified data file
20:55:29 Player Red_Wolf connecting.
20:55:31 Player Red_Wolf connected (id=76561198128142850).
20:55:38 Player Red_Wolf disconnected.
20:55:47 Red_Wolf uses modified data file
20:55:47 Player Red_Wolf connecting.
20:55:49 Player Red_Wolf connected (id=76561198128142850).
20:55:49 Player Red_Wolf disconnected.
20:56:09 Red_Wolf uses modified data file
20:56:09 Player Red_Wolf connecting.
20:56:11 Player Red_Wolf connected (id=76561198128142850).
20:56:11 Player Red_Wolf disconnected.
21:01:55 hESIEN Allu uses modified data file
21:01:55 Player hESIEN Allu connecting.
21:01:56 Player hESIEN Allu connected (id=76561198153117294).
21:08:20 [ADMIN] Goku uses modified data file
21:08:20 Player [ADMIN] Goku connecting.
21:08:22 Player [ADMIN] Goku connected (id=76561198125912876).
21:09:31 Player [ADMIN] Goku disconnected.
21:24:58 Onyx_Red uses modified data file
21:24:58 Player Onyx_Red connecting.
21:25:00 Player Onyx_Red connected (id=76561198073160651).
21:25:17 Aiden Pearce uses modified data file
21:25:17 Player Aiden Pearce connecting.
21:25:18 Player Aiden Pearce connected (id=76561198141810498).
21:25:19 Player Aiden Pearce disconnected.
21:35:16 Whistle uses modified data file
21:35:16 Player Whistle connecting.
21:35:18 Player Whistle connected (id=76561198115565745).
21:36:45 Player Whistle disconnected.
21:47:42 Whistle uses modified data file
21:47:42 Player Whistle connecting.
21:47:43 Player Whistle connected (id=76561198115565745).
21:49:34 Player Whistle disconnected.
22:06:29 Player june twinkle disconnected.
22:29:49 Player Onyx_Red disconnected.
