17:27:46 Host identity created.
17:27:46 Game Port: 2302, Steam Query Port: 2303
17:27:46 Mission Altis Life RPG read from directory.
17:27:47 Roles assigned.
17:27:47 Reading mission ...
17:28:12 Mission read.
17:28:13 Game started.
17:38:20 Alienware uses modified data file
17:38:20 Player Alienware connecting.
17:38:22 Player Alienware connected (id=76561198083541247).
17:38:22 Player Alienware disconnected.
17:39:03 Hammerite uses modified data file
17:39:03 Player Hammerite connecting.
17:39:04 Player Hammerite connected (id=76561198122436832).
17:40:34 Alienware uses modified data file
17:40:34 Player Alienware connecting.
17:40:36 Player Alienware connected (id=76561198083541247).
17:40:37 Player Alienware disconnected.
17:42:07 Admin logged in, player: Hammerite, playerUID: 76561198122436832, IP: 192.168.0.2:2304.
17:44:14 [ADMIN] Goku uses modified data file
17:44:14 Player [ADMIN] Goku connecting.
17:44:16 Player [ADMIN] Goku connected (id=76561198125912876).
17:48:55 june twinkle uses modified data file
17:48:55 Player june twinkle connecting.
17:48:57 Player june twinkle connected (id=76561198125450912).
