 0:51:39 Host identity created.
 0:51:39 Game Port: 2302, Steam Query Port: 2303
 0:51:39 Mission Altis Life RPG read from directory.
 0:51:40 Roles assigned.
 0:51:40 Reading mission ...
 0:52:11 Mission read.
 0:52:11 Hammerite uses modified data file
 0:52:11 Player Hammerite connecting.
 0:52:11 Game started.
 0:52:13 Player Hammerite connected (id=76561198122436832).
 0:55:01 Admin logged in, player: Hammerite, playerUID: 76561198122436832, IP: 192.168.0.2:2304.
 1:02:30 Player Hammerite disconnected.
 1:02:30 Admin logged out, player: Hammerite, playerUID: 76561198122436832, IP: 192.168.0.2:2304.
 3:55:54 Toi Campbell uses modified data file
 3:55:54 Player Toi Campbell connecting.
 3:55:56 Player Toi Campbell connected (id=76561198083964374).
 4:52:12 Player Toi Campbell disconnected.
11:53:24 Lt. Davidson uses modified data file
11:53:24 Player Lt. Davidson connecting.
11:53:26 Player Lt. Davidson connected (id=76561198083068218).
12:01:32 Player Lt. Davidson disconnected.
13:10:03 Toi Campbell uses modified data file
13:10:03 Player Toi Campbell connecting.
13:10:04 Player Toi Campbell connected (id=76561198083964374).
13:17:01 Zim Kwamie uses modified data file
13:17:01 Player Zim Kwamie connecting.
13:17:03 Player Zim Kwamie connected (id=76561198059509300).
13:17:47 Player Zim Kwamie disconnected.
13:20:59 Player Toi Campbell disconnected.
