19:06:56 Host identity created.
19:06:57 Game Port: 2302, Steam Query Port: 2303
19:06:57 Mission Altis Life RPG read from directory.
19:06:58 Roles assigned.
19:06:58 Reading mission ...
19:07:26 Mission read.
19:07:26 Hammerite uses modified data file
19:07:26 Player Hammerite connecting.
19:07:26 Game started.
19:07:28 Player Hammerite connected (id=76561198122436832).
19:09:06 Myty uses modified data file
19:09:06 Player Myty connecting.
19:09:08 Player Myty connected (id=76561198148340810).
19:09:10 Player Myty disconnected.
19:09:18 Myty uses modified data file
19:09:18 Player Myty connecting.
19:09:20 Player Myty connected (id=76561198148340810).
19:09:20 Player Myty disconnected.
19:10:31 Myty uses modified data file
19:10:31 Player Myty connecting.
19:10:33 Player Myty connected (id=76561198148340810).
19:15:03 Nicholas uses modified data file
19:15:03 Player Nicholas connecting.
19:15:04 Player Nicholas connected (id=76561198137187200).
19:15:05 Player Nicholas disconnected.
19:21:25 Player Myty disconnected.
19:25:50 Admin logged in, player: Hammerite, playerUID: 76561198122436832, IP: 192.168.0.2:2304.
19:37:56 Myty uses modified data file
19:37:56 Player Myty connecting.
19:37:58 Player Myty connected (id=76561198148340810).
19:54:00 Player Myty disconnected.
