18:44:25 Host identity created.
18:44:26 Game Port: 2302, Steam Query Port: 2303
18:44:26 Mission Altis Life RPG read from directory.
18:44:27 Roles assigned.
18:44:27 Reading mission ...
18:45:00 Mission read.
18:45:01 Game started.
18:46:09 Hammerite uses modified data file
18:46:09 Player Hammerite connecting.
18:46:11 Player Hammerite connected (id=76561198122436832).
18:55:05 Host identity created.
18:55:05 Game Port: 2302, Steam Query Port: 2303
18:55:05 Mission Altis Life RPG read from directory.
18:55:06 Roles assigned.
18:55:06 Reading mission ...
18:55:36 Mission read.
18:55:36 Hammerite uses modified data file
18:55:36 Player Hammerite connecting.
18:55:36 Game started.
18:55:37 Player Hammerite connected (id=76561198122436832).
