16:34:03 Host identity created.
16:34:03 Game Port: 2302, Steam Query Port: 2303
16:34:03 Mission Altis Life RPG read from bank.
16:34:04 Roles assigned.
16:34:04 Reading mission ...
16:34:35 Mission read.
16:34:35 Game started.
16:34:44 Hammerite uses modified data file
16:34:44 Player Hammerite connecting.
16:34:45 Player Hammerite connected (id=76561198122436832).
16:34:57 Darkkip uses modified data file
16:34:57 Player Darkkip connecting.
16:34:59 Player Darkkip connected (id=76561197998560590).
16:39:24 Lt. Davidson uses modified data file
16:39:24 Player Lt. Davidson connecting.
16:39:26 Player Lt. Davidson connected (id=76561198083068218).
16:46:28 Short uses modified data file
16:46:28 Player Short connecting.
16:46:30 Player Short connected (id=76561198054679558).
17:01:08 Player Short disconnected.
17:03:25 Whistle uses modified data file
17:03:25 Player Whistle connecting.
17:03:27 Player Whistle connected (id=76561198115565745).
17:03:28 Player Whistle disconnected.
17:05:51 Player Lt. Davidson disconnected.
17:05:53 Admin logged in, player: Hammerite, playerUID: 76561198122436832, IP: 192.168.0.2:2304.
17:07:16 Whistle uses modified data file
17:07:16 Player Whistle connecting.
17:07:18 Player Whistle connected (id=76561198115565745).
17:08:46 Player Darkkip disconnected.
17:09:50 Darkkip uses modified data file
17:09:50 Player Darkkip connecting.
17:09:52 Player Darkkip connected (id=76561197998560590).
17:12:14 Myty uses modified data file
17:12:14 Player Myty connecting.
17:12:15 Player Myty connected (id=76561198148340810).
17:13:29 Mr. Nobody uses modified data file
17:13:29 Player Mr. Nobody connecting.
17:13:31 Player Mr. Nobody connected (id=76561198087802100).
17:16:43 Player Darkkip disconnected.
17:17:58 Darkkip uses modified data file
17:17:58 Player Darkkip connecting.
17:18:00 Player Darkkip connected (id=76561197998560590).
17:24:39 Andrew uses modified data file
17:24:39 Player Andrew connecting.
17:24:40 Player Andrew connected (id=76561198095467281).
17:24:54 Kyle uses modified data file
17:24:54 Player Kyle connecting.
17:24:56 Player Kyle connected (id=76561198035774666).
17:43:39 Onyx_Red uses modified data file
17:43:39 Player Onyx_Red connecting.
17:43:40 Player Onyx_Red connected (id=76561198073160651).
17:51:28 Player Whistle disconnected.
17:51:39 Whistle uses modified data file
17:51:39 Player Whistle connecting.
17:51:41 Player Whistle connected (id=76561198115565745).
17:52:20 Player Darkkip is losing connection
17:53:26 Player Darkkip is losing connection
17:53:32 Player Mr. Nobody disconnected.
17:53:48 Mr. Nobody uses modified data file
17:53:48 Player Mr. Nobody connecting.
17:53:49 Player Mr. Nobody connected (id=76561198087802100).
17:54:53 Player Darkkip is losing connection
17:59:15 Player Mr. Nobody disconnected.
17:59:26 Mr. Nobody uses modified data file
17:59:27 Player Mr. Nobody connecting.
17:59:28 Player Mr. Nobody connected (id=76561198087802100).
17:59:52 louis uses modified data file
17:59:52 Player louis connecting.
17:59:53 Player louis connected (id=76561198094876374).
18:18:17 Player Darkkip is losing connection
18:18:51 Player louis disconnected.
18:20:31 Player Kyle disconnected.
18:22:08 Player Onyx_Red is losing connection
18:22:30 Player Onyx_Red disconnected.
18:58:08 Player Darkkip disconnected.
19:02:22 Player Myty disconnected.
19:10:50 Player Hammerite disconnected.
19:10:50 Admin logged out, player: Hammerite, playerUID: 76561198122436832, IP: 192.168.0.2:2304.
19:23:29 Myty uses modified data file
19:23:29 Player Myty connecting.
19:23:31 Player Myty connected (id=76561198148340810).
19:37:27 Player Mr. Nobody disconnected.
19:43:17 Player Myty disconnected.
19:44:07 Sweigs uses modified data file
19:44:07 Player Sweigs connecting.
19:44:09 Player Sweigs connected (id=76561198011549440).
19:47:22 Player Andrew disconnected.
19:48:02 Myty uses modified data file
19:48:02 Player Myty connecting.
19:48:04 Player Myty connected (id=76561198148340810).
19:48:56 Player Sweigs disconnected.
19:54:32 Sweigs uses modified data file
19:54:32 Player Swei