20:59:12 Host identity created.
20:59:12 Game Port: 2302, Steam Query Port: 2303
20:59:12 Mission Altis Life RPG read from bank.
20:59:12 Roles assigned.
20:59:12 Reading mission ...
20:59:44 Mission read.
20:59:44 PhonixBonix uses modified data file
20:59:44 Player PhonixBonix connecting.
20:59:44 Whistle uses modified data file
20:59:44 Player Whistle connecting.
20:59:44 Game started.
20:59:45 Player PhonixBonix connected (id=76561198083964374).
20:59:45 Player Whistle connected (id=76561198115565745).
21:00:45 Prof.Martin uses modified data file
21:00:45 Player Prof.Martin connecting.
21:00:46 Player Prof.Martin connected (id=76561198070817093).
21:09:06 Andrew uses modified data file
21:09:06 Player Andrew connecting.
21:09:08 Player Andrew connected (id=76561198095467281).
21:13:16 Onyx_Red uses modified data file
21:13:16 Player Onyx_Red connecting.
21:13:18 Player Onyx_Red connected (id=76561198073160651).
21:13:35 Player Whistle is losing connection
21:14:55 Player Whistle disconnected.
21:17:23 Player PhonixBonix disconnected.
21:17:38 PhonixBonix uses modified data file
21:17:38 Player PhonixBonix connecting.
21:17:40 Player PhonixBonix connected (id=76561198083964374).
21:38:20 Player Andrew disconnected.
21:40:29 Player PhonixBonix disconnected.
21:44:11 Whistle uses modified data file
21:44:12 Player Whistle connecting.
21:44:13 Player Whistle connected (id=76561198115565745).
21:47:22 Player Prof.Martin disconnected.
21:47:44 Player Onyx_Red disconnected.
21:51:26 Zim Kwamie uses modified data file
21:51:26 Player Zim Kwamie connecting.
21:51:35 Player Zim Kwamie connected (id=76561198059509300).
21:53:36 Toi Campbell uses modified data file
21:53:36 Player Toi Campbell connecting.
21:53:38 Player Toi Campbell connected (id=76561198083964374).
22:03:44 Player Whistle is losing connection
22:04:53 Player Whistle disconnected.
22:19:14 Player Toi Campbell disconnected.
22:19:47 Player Zim Kwamie disconnected.
22:21:05 Zim Kwamie uses modified data file
22:21:05 Player Zim Kwamie connecting.
22:21:07 Player Zim Kwamie connected (id=76561198059509300).
22:21:09 Toi Campbell uses modified data file
22:21:09 Player Toi Campbell connecting.
22:21:10 Player Toi Campbell connected (id=76561198083964374).
22:21:42 Player Zim Kwamie disconnected.
22:23:13 Zim Kwamie uses modified data file
22:23:13 Player Zim Kwamie connecting.
22:23:15 Player Zim Kwamie connected (id=76561198059509300).
23:05:07 Player Toi Campbell disconnected.
23:05:21 Toi Campbell uses modified data file
23:05:21 Player Toi Campbell connecting.
23:05:23 Player Toi Campbell connected (id=76561198083964374).
 0:31:55 Player Zim Kwamie disconnected.
 0:35:09 Player Toi Campbell disconnected.
 2:04:38 Toi Campbell uses modified data file
 2:04:38 Player Toi Campbell connecting.
 2:04:39 Player Toi Campbell connected (id=76561198083964374).
 2:25:55 Player Toi Campbell disconnected.
10:04:53 Zim Kwamie uses modified data file
10:04:53 Player Zim Kwamie connecting.
10:04:54 Player Zim Kwamie connected (id=76561198059509300).
10:41:04 Toi Campbell uses modified data file
10:41:04 Player Toi Campbell connecting.
10:41:05 Player Toi Campbell connected (id=76561198083964374).
10:59:09 Mr. Nobody uses modified data file
10:59:09 Player Mr. Nobody connecting.
10:59:10 Player Mr. Nobody connected (id=76561198087802100).
11:17:59 Player Mr. Nobody disconnected.
11:34:05 Player Toi Campbell disconnected.
11:34:39 Player Zim Kwamie disconnected.
12:16:42 Andrew uses modified data file
12:16:42 Player Andrew connecting.
12:16:44 Player Andrew connected (id=76561198095467281).
12:17:05 Mr. Nobody uses modified data file
12:17:05 Player Mr. Nobody connecting.
12:17:07 Player Mr. Nobody connected (id=76561198087802100).
12:20:04 Player Mr. Nobody disconnected.
12:34:16 Toi Campbell uses modified data file
12:34:16 Player Toi Campbell connecting.
12:34:17 Player Toi Campbell connected (id=76561198083964374).
12:45:13 Player Toi Campbell disconnected.
14:37:00 Toi Campbell uses modified data file
14:37:00 Player Toi Campbell connecting.
14:37:01 Player Toi Campbell connected (id=76561198083964374).
14:40:17 Player Toi Campbell disconnected.
15:21:12 Player Andrew disconnected.
16:28:17 Kyle uses modified data file
16:28:17 Player Kyle connecting.
16:28:19 Player Kyle connected (id=76561198035774666).
