18:43:19 Host identity created.
18:43:19 Game Port: 2302, Steam Query Port: 2303
18:43:19 Mission Altis Life RPG read from directory.
18:43:20 Roles assigned.
18:43:20 Reading mission ...
18:43:46 Mission read.
18:43:46 Game started.
18:44:12 june twinkle uses modified data file
18:44:12 Player june twinkle connecting.
18:44:14 Player june twinkle connected (id=76561198125450912).
18:44:16 Hammerite uses modified data file
18:44:16 Player Hammerite connecting.
18:44:17 Player june twinkle disconnected.
18:44:18 Player Hammerite connected (id=76561198122436832).
18:45:02 june twinkle uses modified data file
18:45:02 Player june twinkle connecting.
18:45:04 Player june twinkle connected (id=76561198125450912).
18:45:16 Nightmare uses modified data file
18:45:16 Player Nightmare connecting.
18:45:24 Player Nightmare connected (id=76561198127050889).
18:45:24 Player Nightmare disconnected.
18:45:32 Player Hammerite disconnected.
