 0:23:43 Host identity created.
 0:23:43 Game Port: 2302, Steam Query Port: 2303
 0:23:43 Mission Altis Life RPG read from directory.
 0:23:44 Roles assigned.
 0:23:44 Reading mission ...
 0:24:14 Mission read.
 0:24:15 Hammerite uses modified data file
 0:24:15 Player Hammerite connecting.
 0:24:15 Game started.
 0:24:24 Player Hammerite disconnected.
 0:29:44 Hammerite uses modified data file
 0:29:44 Player Hammerite connecting.
 0:29:45 Player Hammerite connected (id=76561198122436832).
15:27:06 Host identity created.
15:27:06 Game Port: 2302, Steam Query Port: 2303
15:27:07 Mission Altis Life RPG read from directory.
15:27:07 Roles assigned.
15:27:07 Reading mission ...
15:27:32 Mission read.
15:27:32 Game started.
15:28:10 Hammerite uses modified data file
15:28:10 Player Hammerite connecting.
15:28:12 Player Hammerite connected (id=76561198122436832).
