22:46:54 Host identity created.
22:46:54 Game Port: 2302, Steam Query Port: 2303
22:46:55 Mission Altis Life RPG read from directory.
22:46:56 Roles assigned.
22:46:56 Reading mission ...
22:47:28 Mission read.
22:47:28 Game started.
22:47:56 Hammerite uses modified data file
22:47:56 Player Hammerite connecting.
22:47:58 Player Hammerite connected (id=76561198122436832).
22:50:57 Player Hammerite disconnected.
18:04:14 Host identity created.
18:04:14 Game Port: 2302, Steam Query Port: 2303
18:04:15 Mission Altis Life RPG read from directory.
18:04:16 Roles assigned.
18:04:16 Reading mission ...
18:04:45 Mission read.
18:04:46 Hammerite uses modified data file
18:04:46 Player Hammerite connecting.
18:04:46 Game started.
18:04:47 Player Hammerite connected (id=76561198122436832).
18:06:03 june twinkle uses modified data file
18:06:03 Player june twinkle connecting.
18:06:05 Player june twinkle connected (id=76561198125450912).
18:07:54 Player june twinkle disconnected.
18:11:13 june twinkle uses modified data file
18:11:13 Player june twinkle connecting.
18:11:14 Player june twinkle connected (id=76561198125450912).
18:11:41 Player Hammerite disconnected.
